                :-) GROMACS - gmx mdrun, 2023.3-conda_forge (-:

Copyright 1991-2023 The GROMACS Authors.
GROMACS is free software; you can redistribute it and/or modify it
under the terms of the GNU Lesser General Public License
as published by the Free Software Foundation; either version 2.1
of the License, or (at your option) any later version.

                         Current GROMACS contributors:
       Mark Abraham           Andrey Alekseenko           Cathrine Bergh      
      Christian Blau            Eliane Briand             Mahesh Doijade      
    Stefan Fleischmann           Vytas Gapsys              Gaurav Garg        
      Sergey Gorelov         Gilles Gouaillardet            Alan Gray         
     M. Eric Irrgang         Farzaneh Jalalypour            Joe Jordan        
    Christoph Junghans        Prashanth Kanduri          Sebastian Keller     
     Carsten Kutzner           Justin A. Lemkul          Magnus Lundborg      
       Pascal Merz              Vedran Miletic            Dmitry Morozov      
       Szilard Pall             Roland Schulz             Michael Shirts      
     Alexey Shvetsov            Balint Soproni         David van der Spoel    
      Philip Turner             Carsten Uphoff           Alessandra Villa     
 Sebastian Wingbermuehle        Artem Zhmurov       

                         Previous GROMACS contributors:
        Emile Apol             Rossen Apostolov           James Barnett       
  Herman J.C. Berendsen          Par Bjelkmar           Viacheslav Bolnykh    
        Kevin Boyd            Aldert van Buuren          Carlo Camilloni      
     Rudi van Drunen            Anton Feenstra           Oliver Fleetwood     
     Gerrit Groenhof            Bert de Groot             Anca Hamuraru       
    Vincent Hindriksen          Victor Holanda           Aleksei Iupinov      
   Dimitrios Karkoulis           Peter Kasson             Sebastian Kehl      
        Jiri Kraus               Per Larsson              Viveca Lindahl      
      Erik Marklund           Pieter Meulenhoff           Teemu Murtola       
       Sander Pronk             Alfons Sijbers            Peter Tieleman      
       Jon Vincent             Teemu Virolainen         Christian Wennberg    
       Maarten Wolf       

                  Coordinated by the GROMACS project leaders:
                    Paul Bauer, Berk Hess, and Erik Lindahl

GROMACS:      gmx mdrun, version 2023.3-conda_forge
Executable:   /home/enrico/miniforge3/envs/moldyn/bin.AVX2_256/gmx
Data prefix:  /home/enrico/miniforge3/envs/moldyn
Working dir:  /home/enrico/Development/moldyn/lysozyme
Process ID:   44957
Command line:
  gmx mdrun -deffnm npt

GROMACS version:    2023.3-conda_forge
Precision:          mixed
Memory model:       64 bit
MPI library:        thread_mpi
OpenMP support:     enabled (GMX_OPENMP_MAX_THREADS = 128)
GPU support:        OpenCL
NB cluster size:    8
SIMD instructions:  AVX2_256
CPU FFT library:    fftw-3.3.10-sse2-avx
GPU FFT library:    clFFT
Multi-GPU FFT:      none
RDTSCP usage:       enabled
TNG support:        enabled
Hwloc support:      disabled
Tracing support:    disabled
C compiler:         /home/conda/feedstock_root/build_artifacts/gromacs_1699001982062/_build_env/bin/x86_64-conda-linux-gnu-cc GNU 12.3.0
C compiler flags:   -fexcess-precision=fast -funroll-all-loops -mavx2 -mfma -Wno-missing-field-initializers -O3 -DNDEBUG
C++ compiler:       /home/conda/feedstock_root/build_artifacts/gromacs_1699001982062/_build_env/bin/x86_64-conda-linux-gnu-c++ GNU 12.3.0
C++ compiler flags: -fexcess-precision=fast -funroll-all-loops -mavx2 -mfma -Wno-missing-field-initializers -Wno-cast-function-type-strict SHELL:-fopenmp -O3 -DNDEBUG
BLAS library:       
LAPACK library:     
OpenCL include dir: /home/enrico/miniforge3/envs/moldyn/include
OpenCL library:     /home/enrico/miniforge3/envs/moldyn/lib/libOpenCL.so
OpenCL version:     3.0


Running on 1 node with total 2 cores, 4 processing units, 0 compatible GPUs
Hardware detected on host ustudio:
  CPU info:
    Vendor: Intel
    Brand:  11th Gen Intel(R) Core(TM) i3-1115G4 @ 3.00GHz
    Family: 6   Model: 140   Stepping: 1
    Features: aes apic avx avx2 avx512f avx512cd avx512bw avx512vl avx512secondFMA clfsh cmov cx8 cx16 f16c fma htt intel lahf mmx msr nonstop_tsc pcid pclmuldq pdcm pdpe1gb popcnt pse rdrnd rdtscp sha sse2 sse3 sse4.1 sse4.2 ssse3 tdt x2apic
    Number of AVX-512 FMA units: 1 (For Intel, AVX2 is faster w/o 2 AVX-512 FMA units)
  Hardware topology: Basic
    Packages, cores, and logical processors:
    [indices refer to OS logical processors]
      Package  0: [   0   2] [   1   3]
    CPU limit set by OS: -1   Recommended max number of threads: 4
  GPU info:
    Number of GPUs detected: 1
    #0: name: Oclgrind Simulator, vendor: Oclgrind, device version: OpenCL 1.2 (Oclgrind 21.10), status: incompatible


++++ PLEASE READ AND CITE THE FOLLOWING REFERENCE ++++
M. J. Abraham, T. Murtola, R. Schulz, S. Páll, J. C. Smith, B. Hess, E.
Lindahl
GROMACS: High performance molecular simulations through multi-level
parallelism from laptops to supercomputers
SoftwareX 1 (2015) pp. 19-25
-------- -------- --- Thank You --- -------- --------


++++ PLEASE READ AND CITE THE FOLLOWING REFERENCE ++++
S. Páll, M. J. Abraham, C. Kutzner, B. Hess, E. Lindahl
Tackling Exascale Software Challenges in Molecular Dynamics Simulations with
GROMACS
In S. Markidis & E. Laure (Eds.), Solving Software Challenges for Exascale 8759 (2015) pp. 3-27
-------- -------- --- Thank You --- -------- --------


++++ PLEASE READ AND CITE THE FOLLOWING REFERENCE ++++
S. Pronk, S. Páll, R. Schulz, P. Larsson, P. Bjelkmar, R. Apostolov, M. R.
Shirts, J. C. Smith, P. M. Kasson, D. van der Spoel, B. Hess, and E. Lindahl
GROMACS 4.5: a high-throughput and highly parallel open source molecular
simulation toolkit
Bioinformatics 29 (2013) pp. 845-54
-------- -------- --- Thank You --- -------- --------


++++ PLEASE READ AND CITE THE FOLLOWING REFERENCE ++++
B. Hess and C. Kutzner and D. van der Spoel and E. Lindahl
GROMACS 4: Algorithms for highly efficient, load-balanced, and scalable
molecular simulation
J. Chem. Theory Comput. 4 (2008) pp. 435-447
-------- -------- --- Thank You --- -------- --------


++++ PLEASE READ AND CITE THE FOLLOWING REFERENCE ++++
D. van der Spoel, E. Lindahl, B. Hess, G. Groenhof, A. E. Mark and H. J. C.
Berendsen
GROMACS: Fast, Flexible and Free
J. Comp. Chem. 26 (2005) pp. 1701-1719
-------- -------- --- Thank You --- -------- --------


++++ PLEASE READ AND CITE THE FOLLOWING REFERENCE ++++
E. Lindahl and B. Hess and D. van der Spoel
GROMACS 3.0: A package for molecular simulation and trajectory analysis
J. Mol. Mod. 7 (2001) pp. 306-317
-------- -------- --- Thank You --- -------- --------


++++ PLEASE READ AND CITE THE FOLLOWING REFERENCE ++++
H. J. C. Berendsen, D. van der Spoel and R. van Drunen
GROMACS: A message-passing parallel molecular dynamics implementation
Comp. Phys. Comm. 91 (1995) pp. 43-56
-------- -------- --- Thank You --- -------- --------

Input Parameters:
   integrator                     = md
   tinit                          = 0
   dt                             = 0.002
   nsteps                         = 50000
   init-step                      = 0
   simulation-part                = 1
   mts                            = false
   comm-mode                      = Linear
   nstcomm                        = 100
   bd-fric                        = 0
   ld-seed                        = -4337665
   emtol                          = 10
   emstep                         = 0.01
   niter                          = 20
   fcstep                         = 0
   nstcgsteep                     = 1000
   nbfgscorr                      = 10
   rtpi                           = 0.05
   nstxout                        = 500
   nstvout                        = 500
   nstfout                        = 0
   nstlog                         = 500
   nstcalcenergy                  = 100
   nstenergy                      = 500
   nstxout-compressed             = 0
   compressed-x-precision         = 1000
   cutoff-scheme                  = Verlet
   nstlist                        = 10
   pbc                            = xyz
   periodic-molecules             = false
   verlet-buffer-tolerance        = 0.005
   rlist                          = 1
   coulombtype                    = PME
   coulomb-modifier               = Potential-shift
   rcoulomb-switch                = 0
   rcoulomb                       = 1
   epsilon-r                      = 1
   epsilon-rf                     = inf
   vdw-type                       = Cut-off
   vdw-modifier                   = Potential-shift
   rvdw-switch                    = 0
   rvdw                           = 1
   DispCorr                       = EnerPres
   table-extension                = 1
   fourierspacing                 = 0.16
   fourier-nx                     = 44
   fourier-ny                     = 44
   fourier-nz                     = 44
   pme-order                      = 4
   ewald-rtol                     = 1e-05
   ewald-rtol-lj                  = 0.001
   lj-pme-comb-rule               = Geometric
   ewald-geometry                 = 3d
   epsilon-surface                = 0
   ensemble-temperature-setting   = constant
   ensemble-temperature           = 300
   tcoupl                         = V-rescale
   nsttcouple                     = 10
   nh-chain-length                = 0
   print-nose-hoover-chain-variables = false
   pcoupl                         = Parrinello-Rahman
   pcoupltype                     = Isotropic
   nstpcouple                     = 50
   tau-p                          = 2
   compressibility (3x3):
      compressibility[    0]={ 4.50000e-05,  0.00000e+00,  0.00000e+00}
      compressibility[    1]={ 0.00000e+00,  4.50000e-05,  0.00000e+00}
      compressibility[    2]={ 0.00000e+00,  0.00000e+00,  4.50000e-05}
   ref-p (3x3):
      ref-p[    0]={ 1.00000e+00,  0.00000e+00,  0.00000e+00}
      ref-p[    1]={ 0.00000e+00,  1.00000e+00,  0.00000e+00}
      ref-p[    2]={ 0.00000e+00,  0.00000e+00,  1.00000e+00}
   refcoord-scaling               = COM
   posres-com (3):
      posres-com[0]= 4.97114e-01
      posres-com[1]= 5.01971e-01
      posres-com[2]= 4.99618e-01
   posres-comB (3):
      posres-comB[0]= 4.97114e-01
      posres-comB[1]= 5.01971e-01
      posres-comB[2]= 4.99618e-01
   QMMM                           = false
qm-opts:
   ngQM                           = 0
   constraint-algorithm           = Lincs
   continuation                   = true
   Shake-SOR                      = false
   shake-tol                      = 0.0001
   lincs-order                    = 4
   lincs-iter                     = 1
   lincs-warnangle                = 30
   nwall                          = 0
   wall-type                      = 9-3
   wall-r-linpot                  = -1
   wall-atomtype[0]               = -1
   wall-atomtype[1]               = -1
   wall-density[0]                = 0
   wall-density[1]                = 0
   wall-ewald-zfac                = 3
   pull                           = false
   awh                            = false
   rotation                       = false
   interactiveMD                  = false
   disre                          = No
   disre-weighting                = Conservative
   disre-mixed                    = false
   dr-fc                          = 1000
   dr-tau                         = 0
   nstdisreout                    = 100
   orire-fc                       = 0
   orire-tau                      = 0
   nstorireout                    = 100
   free-energy                    = no
   cos-acceleration               = 0
   deform (3x3):
      deform[    0]={ 0.00000e+00,  0.00000e+00,  0.00000e+00}
      deform[    1]={ 0.00000e+00,  0.00000e+00,  0.00000e+00}
      deform[    2]={ 0.00000e+00,  0.00000e+00,  0.00000e+00}
   simulated-tempering            = false
   swapcoords                     = no
   userint1                       = 0
   userint2                       = 0
   userint3                       = 0
   userint4                       = 0
   userreal1                      = 0
   userreal2                      = 0
   userreal3                      = 0
   userreal4                      = 0
   applied-forces:
     electric-field:
       x:
         E0                       = 0
         omega                    = 0
         t0                       = 0
         sigma                    = 0
       y:
         E0                       = 0
         omega                    = 0
         t0                       = 0
         sigma                    = 0
       z:
         E0                       = 0
         omega                    = 0
         t0                       = 0
         sigma                    = 0
     density-guided-simulation:
       active                     = false
       group                      = protein
       similarity-measure         = inner-product
       atom-spreading-weight      = unity
       force-constant             = 1e+09
       gaussian-transform-spreading-width = 0.2
       gaussian-transform-spreading-range-in-multiples-of-width = 4
       reference-density-filename = reference.mrc
       nst                        = 1
       normalize-densities        = true
       adaptive-force-scaling     = false
       adaptive-force-scaling-time-constant = 4
       shift-vector               = 
       transformation-matrix      = 
     qmmm-cp2k:
       active                     = false
       qmgroup                    = System
       qmmethod                   = PBE
       qmfilenames                = 
       qmcharge                   = 0
       qmmultiplicity             = 1
grpopts:
   nrdf:     4920.79     63837.2
   ref-t:         300         300
   tau-t:         0.1         0.1
annealing:          No          No
annealing-npoints:           0           0
   acc:	           0           0           0
   nfreeze:           N           N           N
   energygrp-flags[  0]: 0

Changing nstlist from 10 to 50, rlist from 1 to 1.115


Initializing Domain Decomposition on 1 ranks
Dynamic load balancing: auto
Using update groups, nr 11645, average size 2.9 atoms, max. radius 0.103 nm
Minimum cell size due to atom displacement: 0.398 nm
Initial maximum distances in bonded interactions:
    two-body bonded interactions: 0.439 nm, LJ-14, atoms 1156 1405
  multi-body bonded interactions: 0.439 nm, Ryckaert-Bell., atoms 1156 1405
Minimum cell size due to bonded interactions: 0.483 nm
Using 0 separate PME ranks because: there are too few total ranks for efficient splitting
Optimizing the DD grid for 1 cells with a minimum initial size of 0.483 nm
The maximum allowed number of cells is: X 14 Y 14 Z 14
Domain decomposition grid 1 x 1 x 1, separate PME ranks 0
PME domain decomposition: 1 x 1 x 1

The initial number of communication pulses is:
The initial domain decomposition cell size is:

The maximum allowed distance for atom groups involved in interactions is:
                 non-bonded interactions           1.322 nm
(the following are initial values, they could change due to box deformation)
            two-body bonded interactions  (-rdd)   1.322 nm
          multi-body bonded interactions  (-rdd)   1.322 nm

When dynamic load balancing gets turned on, these settings will change to:
The maximum number of communication pulses is:
The minimum size for domain decomposition cells is 1.322 nm
The requested allowed shrink of DD cells (option -dds) is: 0.80
The allowed shrink of domain decomposition cells is:
The maximum allowed distance for atom groups involved in interactions is:
                 non-bonded interactions           1.322 nm
            two-body bonded interactions  (-rdd)   1.322 nm
          multi-body bonded interactions  (-rdd)   1.322 nm

Using 1 MPI thread
Using 4 OpenMP threads 

System total charge: -0.000
Will do PME sum in reciprocal space for electrostatic interactions.

++++ PLEASE READ AND CITE THE FOLLOWING REFERENCE ++++
U. Essmann, L. Perera, M. L. Berkowitz, T. Darden, H. Lee and L. G. Pedersen 
A smooth particle mesh Ewald method
J. Chem. Phys. 103 (1995) pp. 8577-8592
-------- -------- --- Thank You --- -------- --------

Using a Gaussian width (1/beta) of 0.320163 nm for Ewald
Potential shift: LJ r^-12: -1.000e+00 r^-6: -1.000e+00, Ewald -1.000e-05
Initialized non-bonded Coulomb Ewald tables, spacing: 9.33e-04 size: 1073

Generated table with 1057 data points for 1-4 COUL.
Tabscale = 500 points/nm
Generated table with 1057 data points for 1-4 LJ6.
Tabscale = 500 points/nm
Generated table with 1057 data points for 1-4 LJ12.
Tabscale = 500 points/nm
Long Range LJ corr.: <C6> 3.1923e-04


Using SIMD 4x8 nonbonded short-range kernels

Using a dual 4x8 pair-list setup updated with dynamic pruning:
  outer list: updated every 50 steps, buffer 0.115 nm, rlist 1.115 nm
  inner list: updated every 12 steps, buffer 0.002 nm, rlist 1.002 nm
At tolerance 0.005 kJ/mol/ps per atom, equivalent classical 1x1 list would be:
  outer list: updated every 50 steps, buffer 0.244 nm, rlist 1.244 nm
  inner list: updated every 12 steps, buffer 0.047 nm, rlist 1.047 nm

The non-bonded pair calculation algorithm tolerates a few missing pair interactions close to the cut-off. This can lead to a systematic overestimation of the pressure due to missing LJ interactions. The error in the average pressure due to missing LJ interactions is at most 0.39 bar.
The pressure error can be controlled by setting the environment variable GMX_VERLET_BUFFER_PRESSURE_TOLERANCE to the allowed error in units of bar.

Using Geometric Lennard-Jones combination rule

Linking all bonded interactions to atoms


Pinning threads with an auto-selected logical cpu stride of 1

Initializing LINear Constraint Solver

++++ PLEASE READ AND CITE THE FOLLOWING REFERENCE ++++
B. Hess and H. Bekker and H. J. C. Berendsen and J. G. E. M. Fraaije
LINCS: A Linear Constraint Solver for molecular simulations
J. Comp. Chem. 18 (1997) pp. 1463-1472
-------- -------- --- Thank You --- -------- --------

The number of constraints is 959

++++ PLEASE READ AND CITE THE FOLLOWING REFERENCE ++++
S. Miyamoto and P. A. Kollman
SETTLE: An Analytical Version of the SHAKE and RATTLE Algorithms for Rigid
Water Models
J. Comp. Chem. 13 (1992) pp. 952-962
-------- -------- --- Thank You --- -------- --------


++++ PLEASE READ AND CITE THE FOLLOWING REFERENCE ++++
G. Bussi, D. Donadio and M. Parrinello
Canonical sampling through velocity rescaling
J. Chem. Phys. 126 (2007) pp. 014101
-------- -------- --- Thank You --- -------- --------

There are: 33876 Atoms
Atom distribution over 1 domains: av 33876 stddev 0 min 33876 max 33876
Center of mass motion removal mode is Linear
We have the following groups for center of mass motion removal:
  0:  rest

Started mdrun on rank 0 Mon Nov 20 00:06:38 2023

           Step           Time
              0        0.00000

   Energies (kJ/mol)
           Bond          Angle    Proper Dih. Ryckaert-Bell.          LJ-14
    1.43475e+03    3.67174e+03    2.53341e+02    1.88297e+03    2.65294e+03
     Coulomb-14        LJ (SR)  Disper. corr.   Coulomb (SR)   Coul. recip.
    7.72853e+03    9.13995e+04   -4.44920e+03   -6.31376e+05    2.88996e+03
 Position Rest.      Potential    Kinetic En.   Total Energy  Conserved En.
    1.23902e-01   -5.23912e+05    8.53758e+04   -4.38536e+05   -4.38515e+05
    Temperature Pres. DC (bar) Pressure (bar)   Constr. rmsd
    2.98681e+02   -2.14729e+02   -5.49611e+02    2.79567e-06

           Step           Time
            500        1.00000

   Energies (kJ/mol)
           Bond          Angle    Proper Dih. Ryckaert-Bell.          LJ-14
    1.46961e+03    3.65763e+03    2.39515e+02    1.86100e+03    2.59317e+03
     Coulomb-14        LJ (SR)  Disper. corr.   Coulomb (SR)   Coul. recip.
    7.71511e+03    9.38512e+04   -4.55536e+03   -6.35092e+05    2.99914e+03
 Position Rest.      Potential    Kinetic En.   Total Energy  Conserved En.
    4.34444e+02   -5.24827e+05    8.49570e+04   -4.39870e+05   -4.38329e+05
    Temperature Pres. DC (bar) Pressure (bar)   Constr. rmsd
    2.97216e+02   -2.25085e+02   -1.05482e+02    2.70587e-06

           Step           Time
           1000        2.00000

   Energies (kJ/mol)
           Bond          Angle    Proper Dih. Ryckaert-Bell.          LJ-14
    1.40270e+03    3.67573e+03    1.95902e+02    1.84658e+03    2.67112e+03
     Coulomb-14        LJ (SR)  Disper. corr.   Coulomb (SR)   Coul. recip.
    7.73549e+03    9.34598e+04   -4.56568e+03   -6.33847e+05    2.94023e+03
 Position Rest.      Potential    Kinetic En.   Total Energy  Conserved En.
    4.41349e+02   -5.24044e+05    8.50262e+04   -4.39017e+05   -4.38310e+05
    Temperature Pres. DC (bar) Pressure (bar)   Constr. rmsd
    2.97458e+02   -2.26105e+02    1.10032e+02    2.66415e-06

           Step           Time
           1500        3.00000

   Energies (kJ/mol)
           Bond          Angle    Proper Dih. Ryckaert-Bell.          LJ-14
    1.39116e+03    3.70084e+03    2.42546e+02    1.90212e+03    2.70172e+03
     Coulomb-14        LJ (SR)  Disper. corr.   Coulomb (SR)   Coul. recip.
    7.79235e+03    9.27115e+04   -4.52756e+03   -6.33899e+05    2.88012e+03
 Position Rest.      Potential    Kinetic En.   Total Energy  Conserved En.
    4.59794e+02   -5.24645e+05    8.68176e+04   -4.37827e+05   -4.38318e+05
    Temperature Pres. DC (bar) Pressure (bar)   Constr. rmsd
    3.03725e+02   -2.22349e+02   -1.30743e+02    2.72754e-06

           Step           Time
           2000        4.00000

   Energies (kJ/mol)
           Bond          Angle    Proper Dih. Ryckaert-Bell.          LJ-14
    1.51632e+03    3.75956e+03    2.14785e+02    1.94041e+03    2.68084e+03
     Coulomb-14        LJ (SR)  Disper. corr.   Coulomb (SR)   Coul. recip.
    7.65139e+03    9.35980e+04   -4.55878e+03   -6.34560e+05    2.95082e+03
 Position Rest.      Potential    Kinetic En.   Total Energy  Conserved En.
    4.86015e+02   -5.24321e+05    8.53508e+04   -4.38970e+05   -4.38270e+05
    Temperature Pres. DC (bar) Pressure (bar)   Constr. rmsd
    2.98593e+02   -2.25422e+02    5.29583e+01    2.65327e-06

           Step           Time
           2500        5.00000

   Energies (kJ/mol)
           Bond          Angle    Proper Dih. Ryckaert-Bell.          LJ-14
    1.35772e+03    3.66234e+03    2.25151e+02    1.91234e+03    2.64462e+03
     Coulomb-14        LJ (SR)  Disper. corr.   Coulomb (SR)   Coul. recip.
    7.82467e+03    9.35351e+04   -4.55392e+03   -6.34189e+05    2.86773e+03
 Position Rest.      Potential    Kinetic En.   Total Energy  Conserved En.
    5.13447e+02   -5.24200e+05    8.53646e+04   -4.38835e+05   -4.38296e+05
    Temperature Pres. DC (bar) Pressure (bar)   Constr. rmsd
    2.98642e+02   -2.24943e+02   -6.11652e+01    2.75868e-06

           Step           Time
           3000        6.00000

   Energies (kJ/mol)
           Bond          Angle    Proper Dih. Ryckaert-Bell.          LJ-14
    1.49555e+03    3.65402e+03    2.33759e+02    1.86759e+03    2.69036e+03
     Coulomb-14        LJ (SR)  Disper. corr.   Coulomb (SR)   Coul. recip.
    7.67523e+03    9.32082e+04   -4.55400e+03   -6.33865e+05    2.98056e+03
 Position Rest.      Potential    Kinetic En.   Total Energy  Conserved En.
    5.83866e+02   -5.24030e+05    8.56137e+04   -4.38416e+05   -4.38256e+05
    Temperature Pres. DC (bar) Pressure (bar)   Constr. rmsd
    2.99513e+02   -2.24950e+02   -1.87808e+02    2.86685e-06

           Step           Time
           3500        7.00000

   Energies (kJ/mol)
           Bond          Angle    Proper Dih. Ryckaert-Bell.          LJ-14
    1.45299e+03    3.82508e+03    2.30107e+02    1.89569e+03    2.66232e+03
     Coulomb-14        LJ (SR)  Disper. corr.   Coulomb (SR)   Coul. recip.
    7.68872e+03    9.54203e+04   -4.57428e+03   -6.36086e+05    2.88359e+03
 Position Rest.      Potential    Kinetic En.   Total Energy  Conserved En.
    4.57135e+02   -5.24144e+05    8.64529e+04   -4.37691e+05   -4.38243e+05
    Temperature Pres. DC (bar) Pressure (bar)   Constr. rmsd
    3.02449e+02   -2.26956e+02    1.88512e+02    3.07280e-06

           Step           Time
           4000        8.00000

   Energies (kJ/mol)
           Bond          Angle    Proper Dih. Ryckaert-Bell.          LJ-14
    1.45624e+03    3.53562e+03    2.21655e+02    1.84368e+03    2.71571e+03
     Coulomb-14        LJ (SR)  Disper. corr.   Coulomb (SR)   Coul. recip.
    7.85022e+03    9.34985e+04   -4.55482e+03   -6.35049e+05    2.90556e+03
 Position Rest.      Potential    Kinetic En.   Total Energy  Conserved En.
    4.75210e+02   -5.25102e+05    8.65584e+04   -4.38543e+05   -4.38256e+05
    Temperature Pres. DC (bar) Pressure (bar)   Constr. rmsd
    3.02818e+02   -2.25032e+02   -9.35388e+01    2.92302e-06

           Step           Time
           4500        9.00000

   Energies (kJ/mol)
           Bond          Angle    Proper Dih. Ryckaert-Bell.          LJ-14
    1.53794e+03    3.79178e+03    2.64168e+02    1.83348e+03    2.63136e+03
     Coulomb-14        LJ (SR)  Disper. corr.   Coulomb (SR)   Coul. recip.
    7.82704e+03    9.10864e+04   -4.55682e+03   -6.30787e+05    2.89084e+03
 Position Rest.      Potential    Kinetic En.   Total Energy  Conserved En.
    5.42144e+02   -5.22938e+05    8.56562e+04   -4.37282e+05   -4.38153e+05
    Temperature Pres. DC (bar) Pressure (bar)   Constr. rmsd
    2.99662e+02   -2.25229e+02   -2.60734e+02    2.87772e-06

           Step           Time
           5000       10.00000

   Energies (kJ/mol)
           Bond          Angle    Proper Dih. Ryckaert-Bell.          LJ-14
    1.56339e+03    3.62753e+03    2.11825e+02    1.77053e+03    2.67124e+03
     Coulomb-14        LJ (SR)  Disper. corr.   Coulomb (SR)   Coul. recip.
    7.71997e+03    9.40059e+04   -4.57775e+03   -6.35677e+05    2.93385e+03
 Position Rest.      Potential    Kinetic En.   Total Energy  Conserved En.
    5.01828e+02   -5.25249e+05    8.54225e+04   -4.39826e+05   -4.38122e+05
    Temperature Pres. DC (bar) Pressure (bar)   Constr. rmsd
    2.98844e+02   -2.27300e+02    1.48802e+02    3.06213e-06

           Step           Time
           5500       11.00000

   Energies (kJ/mol)
           Bond          Angle    Proper Dih. Ryckaert-Bell.          LJ-14
    1.42535e+03    3.64656e+03    2.20242e+02    1.70281e+03    2.63759e+03
     Coulomb-14        LJ (SR)  Disper. corr.   Coulomb (SR)   Coul. recip.
    7.73248e+03    9.41290e+04   -4.56231e+03   -6.36251e+05    2.91456e+03
 Position Rest.      Potential    Kinetic En.   Total Energy  Conserved En.
    4.86987e+02   -5.25918e+05    8.50249e+04   -4.40893e+05   -4.38048e+05
    Temperature Pres. DC (bar) Pressure (bar)   Constr. rmsd
    2.97453e+02   -2.25772e+02   -2.73774e+01    2.94821e-06

           Step           Time
           6000       12.00000

   Energies (kJ/mol)
           Bond          Angle    Proper Dih. Ryckaert-Bell.          LJ-14
    1.38726e+03    3.76615e+03    2.18013e+02    1.76716e+03    2.71126e+03
     Coulomb-14        LJ (SR)  Disper. corr.   Coulomb (SR)   Coul. recip.
    7.78622e+03    9.33858e+04   -4.55937e+03   -6.34478e+05    2.92609e+03
 Position Rest.      Potential    Kinetic En.   Total Energy  Conserved En.
    5.08207e+02   -5.24582e+05    8.54498e+04   -4.39132e+05   -4.38008e+05
    Temperature Pres. DC (bar) Pressure (bar)   Constr. rmsd
    2.98940e+02   -2.25481e+02    4.25125e+01    2.81005e-06

           Step           Time
           6500       13.00000

   Energies (kJ/mol)
           Bond          Angle    Proper Dih. Ryckaert-Bell.          LJ-14
    1.42177e+03    3.74746e+03    2.31426e+02    1.88636e+03    2.65716e+03
     Coulomb-14        LJ (SR)  Disper. corr.   Coulomb (SR)   Coul. recip.
    7.81045e+03    9.29988e+04   -4.57420e+03   -6.34051e+05    2.87587e+03
 Position Rest.      Potential    Kinetic En.   Total Energy  Conserved En.
    4.46710e+02   -5.24550e+05    8.55716e+04   -4.38978e+05   -4.37970e+05
    Temperature Pres. DC (bar) Pressure (bar)   Constr. rmsd
    2.99366e+02   -2.26948e+02   -7.72974e+00    2.59432e-06

           Step           Time
           7000       14.00000

   Energies (kJ/mol)
           Bond          Angle    Proper Dih. Ryckaert-Bell.          LJ-14
    1.37791e+03    3.80601e+03    2.64224e+02    1.78176e+03    2.68028e+03
     Coulomb-14        LJ (SR)  Disper. corr.   Coulomb (SR)   Coul. recip.
    7.71736e+03    9.28853e+04   -4.51363e+03   -6.32879e+05    2.87185e+03
 Position Rest.      Potential    Kinetic En.   Total Energy  Conserved En.
    5.44780e+02   -5.23463e+05    8.60518e+04   -4.37411e+05   -4.37887e+05
    Temperature Pres. DC (bar) Pressure (bar)   Constr. rmsd
    3.01046e+02   -2.20985e+02   -2.19827e+02    3.01195e-06

           Step           Time
           7500       15.00000

   Energies (kJ/mol)
           Bond          Angle    Proper Dih. Ryckaert-Bell.          LJ-14
    1.36873e+03    3.69147e+03    2.19902e+02    1.73840e+03    2.72533e+03
     Coulomb-14        LJ (SR)  Disper. corr.   Coulomb (SR)   Coul. recip.
    7.74105e+03    9.39385e+04   -4.55700e+03   -6.35582e+05    2.96538e+03
 Position Rest.      Potential    Kinetic En.   Total Energy  Conserved En.
    4.65058e+02   -5.25285e+05    8.56585e+04   -4.39627e+05   -4.37833e+05
    Temperature Pres. DC (bar) Pressure (bar)   Constr. rmsd
    2.99670e+02   -2.25246e+02    2.77711e+02    3.21223e-06

           Step           Time
           8000       16.00000

   Energies (kJ/mol)
           Bond          Angle    Proper Dih. Ryckaert-Bell.          LJ-14
    1.47640e+03    3.78444e+03    2.34247e+02    1.94698e+03    2.60960e+03
     Coulomb-14        LJ (SR)  Disper. corr.   Coulomb (SR)   Coul. recip.
    7.74529e+03    9.34086e+04   -4.59517e+03   -6.34684e+05    2.90973e+03
 Position Rest.      Potential    Kinetic En.   Total Energy  Conserved En.
    4.43801e+02   -5.24720e+05    8.60653e+04   -4.38655e+05   -4.37808e+05
    Temperature Pres. DC (bar) Pressure (bar)   Constr. rmsd
    3.01093e+02   -2.29031e+02   -5.81713e+01    3.07285e-06

           Step           Time
           8500       17.00000

   Energies (kJ/mol)
           Bond          Angle    Proper Dih. Ryckaert-Bell.          LJ-14
    1.49649e+03    3.62112e+03    2.19370e+02    1.86909e+03    2.68211e+03
     Coulomb-14        LJ (SR)  Disper. corr.   Coulomb (SR)   Coul. recip.
    7.73183e+03    9.25065e+04   -4.53576e+03   -6.32097e+05    2.95836e+03
 Position Rest.      Potential    Kinetic En.   Total Energy  Conserved En.
    5.19421e+02   -5.23028e+05    8.65952e+04   -4.36433e+05   -4.37768e+05
    Temperature Pres. DC (bar) Pressure (bar)   Constr. rmsd
    3.02947e+02   -2.23155e+02   -1.76201e+02    3.72594e-06

           Step           Time
           9000       18.00000

   Energies (kJ/mol)
           Bond          Angle    Proper Dih. Ryckaert-Bell.          LJ-14
    1.50501e+03    3.88921e+03    2.07023e+02    1.78614e+03    2.63083e+03
     Coulomb-14        LJ (SR)  Disper. corr.   Coulomb (SR)   Coul. recip.
    7.62660e+03    9.27870e+04   -4.55993e+03   -6.33079e+05    2.86527e+03
 Position Rest.      Potential    Kinetic En.   Total Energy  Conserved En.
    4.69711e+02   -5.23872e+05    8.64116e+04   -4.37460e+05   -4.37694e+05
    Temperature Pres. DC (bar) Pressure (bar)   Constr. rmsd
    3.02305e+02   -2.25536e+02   -1.51310e+02    3.37321e-06

           Step           Time
           9500       19.00000

   Energies (kJ/mol)
           Bond          Angle    Proper Dih. Ryckaert-Bell.          LJ-14
    1.35199e+03    3.74394e+03    2.13828e+02    1.75464e+03    2.69909e+03
     Coulomb-14        LJ (SR)  Disper. corr.   Coulomb (SR)   Coul. recip.
    7.77279e+03    9.44454e+04   -4.56975e+03   -6.35303e+05    2.91829e+03
 Position Rest.      Potential    Kinetic En.   Total Energy  Conserved En.
    5.03397e+02   -5.24470e+05    8.48899e+04   -4.39580e+05   -4.37542e+05
    Temperature Pres. DC (bar) Pressure (bar)   Constr. rmsd
    2.96981e+02   -2.26508e+02    3.10385e+02    3.15822e-06

           Step           Time
          10000       20.00000

   Energies (kJ/mol)
           Bond          Angle    Proper Dih. Ryckaert-Bell.          LJ-14
    1.44251e+03    3.86724e+03    2.73211e+02    1.85708e+03    2.63882e+03
     Coulomb-14        LJ (SR)  Disper. corr.   Coulomb (SR)   Coul. recip.
    7.75738e+03    9.42760e+04   -4.53855e+03   -6.34852e+05    2.87487e+03
 Position Rest.      Potential    Kinetic En.   Total Energy  Conserved En.
    5.05309e+02   -5.23899e+05    8.64535e+04   -4.37445e+05   -4.37489e+05
    Temperature Pres. DC (bar) Pressure (bar)   Constr. rmsd
    3.02451e+02   -2.23428e+02    6.86620e+01    3.12358e-06

           Step           Time
          10500       21.00000

   Energies (kJ/mol)
           Bond          Angle    Proper Dih. Ryckaert-Bell.          LJ-14
    1.40215e+03    3.86006e+03    2.63564e+02    1.89913e+03    2.66293e+03
     Coulomb-14        LJ (SR)  Disper. corr.   Coulomb (SR)   Coul. recip.
    7.71294e+03    9.36735e+04   -4.53472e+03   -6.34946e+05    2.84634e+03
 Position Rest.      Potential    Kinetic En.   Total Energy  Conserved En.
    4.82978e+02   -5.24678e+05    8.57851e+04   -4.38892e+05   -4.37458e+05
    Temperature Pres. DC (bar) Pressure (bar)   Constr. rmsd
    3.00113e+02   -2.23052e+02    6.61221e+00    2.85460e-06

           Step           Time
          11000       22.00000

   Energies (kJ/mol)
           Bond          Angle    Proper Dih. Ryckaert-Bell.          LJ-14
    1.40130e+03    3.75523e+03    2.50174e+02    1.92167e+03    2.60308e+03
     Coulomb-14        LJ (SR)  Disper. corr.   Coulomb (SR)   Coul. recip.
    7.75604e+03    9.38213e+04   -4.58912e+03   -6.35098e+05    2.97407e+03
 Position Rest.      Potential    Kinetic En.   Total Energy  Conserved En.
    4.90009e+02   -5.24714e+05    8.56947e+04   -4.39020e+05   -4.37408e+05
    Temperature Pres. DC (bar) Pressure (bar)   Constr. rmsd
    2.99796e+02   -2.28429e+02    4.80155e+01    2.79337e-06

           Step           Time
          11500       23.00000

   Energies (kJ/mol)
           Bond          Angle    Proper Dih. Ryckaert-Bell.          LJ-14
    1.55112e+03    3.69798e+03    2.39922e+02    1.75138e+03    2.70320e+03
     Coulomb-14        LJ (SR)  Disper. corr.   Coulomb (SR)   Coul. recip.
    7.81052e+03    9.19659e+04   -4.52618e+03   -6.32399e+05    2.93271e+03
 Position Rest.      Potential    Kinetic En.   Total Energy  Conserved En.
    4.98523e+02   -5.23774e+05    8.58459e+04   -4.37928e+05   -4.37331e+05
    Temperature Pres. DC (bar) Pressure (bar)   Constr. rmsd
    3.00325e+02   -2.22214e+02   -4.13319e+02    2.75858e-06

           Step           Time
          12000       24.00000

   Energies (kJ/mol)
           Bond          Angle    Proper Dih. Ryckaert-Bell.          LJ-14
    1.47113e+03    3.69475e+03    2.62255e+02    1.83026e+03    2.65649e+03
     Coulomb-14        LJ (SR)  Disper. corr.   Coulomb (SR)   Coul. recip.
    7.66718e+03    9.35721e+04   -4.58704e+03   -6.34202e+05    2.89664e+03
 Position Rest.      Potential    Kinetic En.   Total Energy  Conserved En.
    4.52236e+02   -5.24286e+05    8.61619e+04   -4.38124e+05   -4.37262e+05
    Temperature Pres. DC (bar) Pressure (bar)   Constr. rmsd
    3.01431e+02   -2.28223e+02    9.71783e+01    3.02252e-06

           Step           Time
          12500       25.00000

   Energies (kJ/mol)
           Bond          Angle    Proper Dih. Ryckaert-Bell.          LJ-14
    1.55341e+03    3.76669e+03    2.07944e+02    1.72518e+03    2.61713e+03
     Coulomb-14        LJ (SR)  Disper. corr.   Coulomb (SR)   Coul. recip.
    7.63447e+03    9.22067e+04   -4.53953e+03   -6.32926e+05    2.91711e+03
 Position Rest.      Potential    Kinetic En.   Total Energy  Conserved En.
    4.48891e+02   -5.24388e+05    8.49550e+04   -4.39433e+05   -4.37215e+05
    Temperature Pres. DC (bar) Pressure (bar)   Constr. rmsd
    2.97209e+02   -2.23525e+02   -3.62270e+02    2.48991e-06

           Step           Time
          13000       26.00000

   Energies (kJ/mol)
           Bond          Angle    Proper Dih. Ryckaert-Bell.          LJ-14
    1.40091e+03    3.54859e+03    2.44103e+02    1.87617e+03    2.68066e+03
     Coulomb-14        LJ (SR)  Disper. corr.   Coulomb (SR)   Coul. recip.
    7.73736e+03    9.36802e+04   -4.56271e+03   -6.35376e+05    2.94747e+03
 Position Rest.      Potential    Kinetic En.   Total Energy  Conserved En.
    4.82820e+02   -5.25340e+05    8.54603e+04   -4.39880e+05   -4.37235e+05
    Temperature Pres. DC (bar) Pressure (bar)   Constr. rmsd
    2.98977e+02   -2.25811e+02   -4.03927e+01    2.65284e-06

           Step           Time
          13500       27.00000

   Energies (kJ/mol)
           Bond          Angle    Proper Dih. Ryckaert-Bell.          LJ-14
    1.57966e+03    3.69021e+03    2.34572e+02    1.93875e+03    2.59027e+03
     Coulomb-14        LJ (SR)  Disper. corr.   Coulomb (SR)   Coul. recip.
    7.76967e+03    9.43044e+04   -4.56826e+03   -6.35846e+05    3.00416e+03
 Position Rest.      Potential    Kinetic En.   Total Energy  Conserved En.
    5.00256e+02   -5.24802e+05    8.63694e+04   -4.38433e+05   -4.37205e+05
    Temperature Pres. DC (bar) Pressure (bar)   Constr. rmsd
    3.02157e+02   -2.26359e+02    8.66470e+00    2.78562e-06

           Step           Time
          14000       28.00000

   Energies (kJ/mol)
           Bond          Angle    Proper Dih. Ryckaert-Bell.          LJ-14
    1.53477e+03    3.78291e+03    2.51817e+02    1.81860e+03    2.59557e+03
     Coulomb-14        LJ (SR)  Disper. corr.   Coulomb (SR)   Coul. recip.
    7.68485e+03    9.28415e+04   -4.55546e+03   -6.33832e+05    2.91926e+03
 Position Rest.      Potential    Kinetic En.   Total Energy  Conserved En.
    4.62534e+02   -5.24496e+05    8.55474e+04   -4.38948e+05   -4.37204e+05
    Temperature Pres. DC (bar) Pressure (bar)   Constr. rmsd
    2.99281e+02   -2.25094e+02   -3.40087e+02    2.79953e-06

           Step           Time
          14500       29.00000

   Energies (kJ/mol)
           Bond          Angle    Proper Dih. Ryckaert-Bell.          LJ-14
    1.47458e+03    3.80667e+03    2.37843e+02    1.83498e+03    2.67520e+03
     Coulomb-14        LJ (SR)  Disper. corr.   Coulomb (SR)   Coul. recip.
    7.68294e+03    9.48199e+04   -4.56485e+03   -6.35771e+05    3.03219e+03
 Position Rest.      Potential    Kinetic En.   Total Energy  Conserved En.
    4.44476e+02   -5.24327e+05    8.63008e+04   -4.38026e+05   -4.37208e+05
    Temperature Pres. DC (bar) Pressure (bar)   Constr. rmsd
    3.01917e+02   -2.26022e+02    1.40777e+02    2.86005e-06

           Step           Time
          15000       30.00000

   Energies (kJ/mol)
           Bond          Angle    Proper Dih. Ryckaert-Bell.          LJ-14
    1.45234e+03    3.86660e+03    2.34422e+02    1.83206e+03    2.64416e+03
     Coulomb-14        LJ (SR)  Disper. corr.   Coulomb (SR)   Coul. recip.
    7.68204e+03    9.34024e+04   -4.57121e+03   -6.34894e+05    2.90582e+03
 Position Rest.      Potential    Kinetic En.   Total Energy  Conserved En.
    4.38875e+02   -5.25006e+05    8.60300e+04   -4.38976e+05   -4.37187e+05
    Temperature Pres. DC (bar) Pressure (bar)   Constr. rmsd
    3.00969e+02   -2.26652e+02   -2.92512e+01    3.04201e-06

           Step           Time
          15500       31.00000

   Energies (kJ/mol)
           Bond          Angle    Proper Dih. Ryckaert-Bell.          LJ-14
    1.44121e+03    3.82745e+03    2.76864e+02    1.84474e+03    2.64451e+03
     Coulomb-14        LJ (SR)  Disper. corr.   Coulomb (SR)   Coul. recip.
    7.64951e+03    9.43567e+04   -4.54881e+03   -6.35043e+05    2.82115e+03
 Position Rest.      Potential    Kinetic En.   Total Energy  Conserved En.
    4.60430e+02   -5.24269e+05    8.57860e+04   -4.38483e+05   -4.37152e+05
    Temperature Pres. DC (bar) Pressure (bar)   Constr. rmsd
    3.00116e+02   -2.24439e+02    1.31660e+02    3.11166e-06

           Step           Time
          16000       32.00000

   Energies (kJ/mol)
           Bond          Angle    Proper Dih. Ryckaert-Bell.          LJ-14
    1.40605e+03    3.74291e+03    2.83780e+02    1.83014e+03    2.68540e+03
     Coulomb-14        LJ (SR)  Disper. corr.   Coulomb (SR)   Coul. recip.
    7.71023e+03    9.53291e+04   -4.59651e+03   -6.37400e+05    2.93409e+03
 Position Rest.      Potential    Kinetic En.   Total Energy  Conserved En.
    5.00616e+02   -5.25574e+05    8.59169e+04   -4.39658e+05   -4.37082e+05
    Temperature Pres. DC (bar) Pressure (bar)   Constr. rmsd
    3.00574e+02   -2.29165e+02    2.93043e+02    3.32678e-06

           Step           Time
          16500       33.00000

   Energies (kJ/mol)
           Bond          Angle    Proper Dih. Ryckaert-Bell.          LJ-14
    1.49304e+03    3.71140e+03    2.72434e+02    1.85799e+03    2.66334e+03
     Coulomb-14        LJ (SR)  Disper. corr.   Coulomb (SR)   Coul. recip.
    7.72574e+03    9.29696e+04   -4.53734e+03   -6.34304e+05    2.96360e+03
 Position Rest.      Potential    Kinetic En.   Total Energy  Conserved En.
    4.62301e+02   -5.24722e+05    8.61836e+04   -4.38538e+05   -4.37032e+05
    Temperature Pres. DC (bar) Pressure (bar)   Constr. rmsd
    3.01507e+02   -2.23310e+02   -2.77884e+02    2.88715e-06

           Step           Time
          17000       34.00000

   Energies (kJ/mol)
           Bond          Angle    Proper Dih. Ryckaert-Bell.          LJ-14
    1.53537e+03    3.40201e+03    2.70474e+02    1.85642e+03    2.70148e+03
     Coulomb-14        LJ (SR)  Disper. corr.   Coulomb (SR)   Coul. recip.
    7.81517e+03    9.30568e+04   -4.55828e+03   -6.34305e+05    2.99388e+03
 Position Rest.      Potential    Kinetic En.   Total Energy  Conserved En.
    4.53366e+02   -5.24778e+05    8.46356e+04   -4.40143e+05   -4.37006e+05
    Temperature Pres. DC (bar) Pressure (bar)   Constr. rmsd
    2.96091e+02   -2.25373e+02   -1.18258e+02    3.18683e-06

           Step           Time
          17500       35.00000

   Energies (kJ/mol)
           Bond          Angle    Proper Dih. Ryckaert-Bell.          LJ-14
    1.47162e+03    3.70169e+03    2.40441e+02    1.78659e+03    2.54448e+03
     Coulomb-14        LJ (SR)  Disper. corr.   Coulomb (SR)   Coul. recip.
    7.61623e+03    9.40569e+04   -4.57786e+03   -6.35630e+05    2.94833e+03
 Position Rest.      Potential    Kinetic En.   Total Energy  Conserved En.
    4.37011e+02   -5.25404e+05    8.55195e+04   -4.39885e+05   -4.36977e+05
    Temperature Pres. DC (bar) Pressure (bar)   Constr. rmsd
    2.99183e+02   -2.27312e+02    4.24251e+01    2.92844e-06

           Step           Time
          18000       36.00000

   Energies (kJ/mol)
           Bond          Angle    Proper Dih. Ryckaert-Bell.          LJ-14
    1.44976e+03    3.68342e+03    2.81157e+02    1.83956e+03    2.64823e+03
     Coulomb-14        LJ (SR)  Disper. corr.   Coulomb (SR)   Coul. recip.
    7.80077e+03    9.36517e+04   -4.55404e+03   -6.34722e+05    2.89120e+03
 Position Rest.      Potential    Kinetic En.   Total Energy  Conserved En.
    4.29437e+02   -5.24601e+05    8.56394e+04   -4.38962e+05   -4.36942e+05
    Temperature Pres. DC (bar) Pressure (bar)   Constr. rmsd
    2.99603e+02   -2.24955e+02    8.99359e+01    2.90601e-06

           Step           Time
          18500       37.00000

   Energies (kJ/mol)
           Bond          Angle    Proper Dih. Ryckaert-Bell.          LJ-14
    1.50911e+03    3.68961e+03    2.52352e+02    1.85474e+03    2.62924e+03
     Coulomb-14        LJ (SR)  Disper. corr.   Coulomb (SR)   Coul. recip.
    7.69162e+03    9.11478e+04   -4.49932e+03   -6.31322e+05    2.99838e+03
 Position Rest.      Potential    Kinetic En.   Total Energy  Conserved En.
    4.95998e+02   -5.23552e+05    8.57840e+04   -4.37768e+05   -4.36852e+05
    Temperature Pres. DC (bar) Pressure (bar)   Constr. rmsd
    3.00109e+02   -2.19587e+02   -5.84506e+02    2.90551e-06

           Step           Time
          19000       38.00000

   Energies (kJ/mol)
           Bond          Angle    Proper Dih. Ryckaert-Bell.          LJ-14
    1.40358e+03    3.81045e+03    2.20423e+02    1.82563e+03    2.74486e+03
     Coulomb-14        LJ (SR)  Disper. corr.   Coulomb (SR)   Coul. recip.
    7.75709e+03    9.38708e+04   -4.59263e+03   -6.34306e+05    2.88397e+03
 Position Rest.      Potential    Kinetic En.   Total Energy  Conserved En.
    4.96333e+02   -5.23886e+05    8.56958e+04   -4.38190e+05   -4.36767e+05
    Temperature Pres. DC (bar) Pressure (bar)   Constr. rmsd
    2.99800e+02   -2.28779e+02    2.78527e+02    2.87741e-06

           Step           Time
          19500       39.00000

   Energies (kJ/mol)
           Bond          Angle    Proper Dih. Ryckaert-Bell.          LJ-14
    1.48982e+03    3.58617e+03    2.46033e+02    1.81232e+03    2.67854e+03
     Coulomb-14        LJ (SR)  Disper. corr.   Coulomb (SR)   Coul. recip.
    7.60733e+03    9.31196e+04   -4.53558e+03   -6.33496e+05    2.87196e+03
 Position Rest.      Potential    Kinetic En.   Total Energy  Conserved En.
    4.86183e+02   -5.24134e+05    8.54489e+04   -4.38685e+05   -4.36722e+05
    Temperature Pres. DC (bar) Pressure (bar)   Constr. rmsd
    2.98937e+02   -2.23137e+02   -4.21096e+01    3.35002e-06

           Step           Time
          20000       40.00000

   Energies (kJ/mol)
           Bond          Angle    Proper Dih. Ryckaert-Bell.          LJ-14
    1.51263e+03    3.75130e+03    2.46323e+02    1.84949e+03    2.68624e+03
     Coulomb-14        LJ (SR)  Disper. corr.   Coulomb (SR)   Coul. recip.
    7.76411e+03    9.33403e+04   -4.53638e+03   -6.33050e+05    2.98219e+03
 Position Rest.      Potential    Kinetic En.   Total Energy  Conserved En.
    4.68496e+02   -5.22985e+05    8.66402e+04   -4.36345e+05   -4.36665e+05
    Temperature Pres. DC (bar) Pressure (bar)   Constr. rmsd
    3.03104e+02   -2.23215e+02    1.30643e+01    2.74459e-06

           Step           Time
          20500       41.00000

   Energies (kJ/mol)
           Bond          Angle    Proper Dih. Ryckaert-Bell.          LJ-14
    1.40616e+03    3.63383e+03    2.26327e+02    1.86305e+03    2.68612e+03
     Coulomb-14        LJ (SR)  Disper. corr.   Coulomb (SR)   Coul. recip.
    7.76368e+03    9.31051e+04   -4.57458e+03   -6.34026e+05    2.96618e+03
 Position Rest.      Potential    Kinetic En.   Total Energy  Conserved En.
    4.98014e+02   -5.24452e+05    8.43966e+04   -4.40055e+05   -4.36624e+05
    Temperature Pres. DC (bar) Pressure (bar)   Constr. rmsd
    2.95255e+02   -2.26986e+02   -4.68171e+01    2.38662e-06

           Step           Time
          21000       42.00000

   Energies (kJ/mol)
           Bond          Angle    Proper Dih. Ryckaert-Bell.          LJ-14
    1.38779e+03    3.86201e+03    2.39841e+02    1.84613e+03    2.72701e+03
     Coulomb-14        LJ (SR)  Disper. corr.   Coulomb (SR)   Coul. recip.
    7.65749e+03    9.32415e+04   -4.56034e+03   -6.34547e+05    2.97006e+03
 Position Rest.      Potential    Kinetic En.   Total Energy  Conserved En.
    5.05822e+02   -5.24670e+05    8.66615e+04   -4.38008e+05   -4.36611e+05
    Temperature Pres. DC (bar) Pressure (bar)   Constr. rmsd
    3.03179e+02   -2.25576e+02    6.09511e+01    2.88707e-06

           Step           Time
          21500       43.00000

   Energies (kJ/mol)
           Bond          Angle    Proper Dih. Ryckaert-Bell.          LJ-14
    1.39373e+03    3.56103e+03    2.77753e+02    1.82543e+03    2.77224e+03
     Coulomb-14        LJ (SR)  Disper. corr.   Coulomb (SR)   Coul. recip.
    7.83148e+03    9.27137e+04   -4.54272e+03   -6.32015e+05    3.00072e+03
 Position Rest.      Potential    Kinetic En.   Total Energy  Conserved En.
    4.99220e+02   -5.22682e+05    8.57663e+04   -4.36916e+05   -4.36578e+05
    Temperature Pres. DC (bar) Pressure (bar)   Constr. rmsd
    3.00047e+02   -2.23839e+02    9.13149e+00    3.29536e-06

           Step           Time
          22000       44.00000

   Energies (kJ/mol)
           Bond          Angle    Proper Dih. Ryckaert-Bell.          LJ-14
    1.33064e+03    3.71887e+03    2.50759e+02    1.91342e+03    2.63387e+03
     Coulomb-14        LJ (SR)  Disper. corr.   Coulomb (SR)   Coul. recip.
    7.76850e+03    9.40061e+04   -4.58205e+03   -6.35005e+05    2.95751e+03
 Position Rest.      Potential    Kinetic En.   Total Energy  Conserved En.
    4.34364e+02   -5.24573e+05    8.61150e+04   -4.38458e+05   -4.36566e+05
    Temperature Pres. DC (bar) Pressure (bar)   Constr. rmsd
    3.01267e+02   -2.27727e+02    1.44066e+02    3.19076e-06

           Step           Time
          22500       45.00000

   Energies (kJ/mol)
           Bond          Angle    Proper Dih. Ryckaert-Bell.          LJ-14
    1.37835e+03    3.83847e+03    2.13014e+02    1.82586e+03    2.63887e+03
     Coulomb-14        LJ (SR)  Disper. corr.   Coulomb (SR)   Coul. recip.
    7.78115e+03    9.31191e+04   -4.53737e+03   -6.34275e+05    2.97491e+03
 Position Rest.      Potential    Kinetic En.   Total Energy  Conserved En.
    4.84755e+02   -5.24558e+05    8.51937e+04   -4.39365e+05   -4.36508e+05
    Temperature Pres. DC (bar) Pressure (bar)   Constr. rmsd
    2.98044e+02   -2.23312e+02   -1.60928e+02    2.58124e-06

           Step           Time
          23000       46.00000

   Energies (kJ/mol)
           Bond          Angle    Proper Dih. Ryckaert-Bell.          LJ-14
    1.41667e+03    3.71140e+03    2.93550e+02    1.88344e+03    2.65497e+03
     Coulomb-14        LJ (SR)  Disper. corr.   Coulomb (SR)   Coul. recip.
    7.72259e+03    9.26708e+04   -4.58013e+03   -6.34186e+05    2.90226e+03
 Position Rest.      Potential    Kinetic En.   Total Energy  Conserved En.
    4.39430e+02   -5.25071e+05    8.56566e+04   -4.39415e+05   -4.36440e+05
    Temperature Pres. DC (bar) Pressure (bar)   Constr. rmsd
    2.99663e+02   -2.27537e+02   -5.51840e+01    2.85161e-06

           Step           Time
          23500       47.00000

   Energies (kJ/mol)
           Bond          Angle    Proper Dih. Ryckaert-Bell.          LJ-14
    1.46757e+03    3.77632e+03    2.43770e+02    1.75492e+03    2.80189e+03
     Coulomb-14        LJ (SR)  Disper. corr.   Coulomb (SR)   Coul. recip.
    7.82785e+03    9.40300e+04   -4.57388e+03   -6.35064e+05    2.92618e+03
 Position Rest.      Potential    Kinetic En.   Total Energy  Conserved En.
    4.48900e+02   -5.24360e+05    8.54104e+04   -4.38950e+05   -4.36350e+05
    Temperature Pres. DC (bar) Pressure (bar)   Constr. rmsd
    2.98802e+02   -2.26916e+02    2.23345e+02    2.73311e-06

           Step           Time
          24000       48.00000

   Energies (kJ/mol)
           Bond          Angle    Proper Dih. Ryckaert-Bell.          LJ-14
    1.54864e+03    3.66998e+03    2.80846e+02    1.84739e+03    2.67187e+03
     Coulomb-14        LJ (SR)  Disper. corr.   Coulomb (SR)   Coul. recip.
    7.71754e+03    9.28054e+04   -4.53499e+03   -6.34120e+05    2.82674e+03
 Position Rest.      Potential    Kinetic En.   Total Energy  Conserved En.
    4.70687e+02   -5.24816e+05    8.61595e+04   -4.38657e+05   -4.36322e+05
    Temperature Pres. DC (bar) Pressure (bar)   Constr. rmsd
    3.01423e+02   -2.23079e+02   -2.34160e+02    2.91218e-06

           Step           Time
          24500       49.00000

   Energies (kJ/mol)
           Bond          Angle    Proper Dih. Ryckaert-Bell.          LJ-14
    1.43228e+03    3.70671e+03    2.42568e+02    1.82006e+03    2.68116e+03
     Coulomb-14        LJ (SR)  Disper. corr.   Coulomb (SR)   Coul. recip.
    7.70232e+03    9.57786e+04   -4.58134e+03   -6.37768e+05    2.95790e+03
 Position Rest.      Potential    Kinetic En.   Total Energy  Conserved En.
    5.07548e+02   -5.25521e+05    8.53640e+04   -4.40157e+05   -4.36276e+05
    Temperature Pres. DC (bar) Pressure (bar)   Constr. rmsd
    2.98640e+02   -2.27656e+02    4.04906e+02    2.92382e-06

           Step           Time
          25000       50.00000

   Energies (kJ/mol)
           Bond          Angle    Proper Dih. Ryckaert-Bell.          LJ-14
    1.50872e+03    3.90878e+03    2.39195e+02    1.85625e+03    2.70909e+03
     Coulomb-14        LJ (SR)  Disper. corr.   Coulomb (SR)   Coul. recip.
    7.70948e+03    9.29117e+04   -4.53225e+03   -6.31891e+05    2.96481e+03
 Position Rest.      Potential    Kinetic En.   Total Energy  Conserved En.
    4.93942e+02   -5.22121e+05    8.61895e+04   -4.35932e+05   -4.36250e+05
    Temperature Pres. DC (bar) Pressure (bar)   Constr. rmsd
    3.01527e+02   -2.22810e+02   -4.21455e+00    2.96868e-06

           Step           Time
          25500       51.00000

   Energies (kJ/mol)
           Bond          Angle    Proper Dih. Ryckaert-Bell.          LJ-14
    1.44101e+03    3.74621e+03    2.45876e+02    1.74790e+03    2.67608e+03
     Coulomb-14        LJ (SR)  Disper. corr.   Coulomb (SR)   Coul. recip.
    7.77681e+03    9.43027e+04   -4.53449e+03   -6.36629e+05    2.93297e+03
 Position Rest.      Potential    Kinetic En.   Total Energy  Conserved En.
    4.95831e+02   -5.25798e+05    8.63271e+04   -4.39471e+05   -4.36214e+05
    Temperature Pres. DC (bar) Pressure (bar)   Constr. rmsd
    3.02009e+02   -2.23030e+02    1.86874e+01    2.55191e-06

           Step           Time
          26000       52.00000

   Energies (kJ/mol)
           Bond          Angle    Proper Dih. Ryckaert-Bell.          LJ-14
    1.42467e+03    3.75345e+03    2.44555e+02    1.92788e+03    2.67537e+03
     Coulomb-14        LJ (SR)  Disper. corr.   Coulomb (SR)   Coul. recip.
    7.73815e+03    9.60359e+04   -4.60591e+03   -6.37710e+05    2.98435e+03
 Position Rest.      Potential    Kinetic En.   Total Energy  Conserved En.
    4.87082e+02   -5.25045e+05    8.60152e+04   -4.39030e+05   -4.36097e+05
    Temperature Pres. DC (bar) Pressure (bar)   Constr. rmsd
    3.00918e+02   -2.30102e+02    5.08579e+02    2.54042e-06

           Step           Time
          26500       53.00000

   Energies (kJ/mol)
           Bond          Angle    Proper Dih. Ryckaert-Bell.          LJ-14
    1.47632e+03    3.61066e+03    2.02885e+02    1.86381e+03    2.53340e+03
     Coulomb-14        LJ (SR)  Disper. corr.   Coulomb (SR)   Coul. recip.
    7.68700e+03    9.51892e+04   -4.56151e+03   -6.36362e+05    2.90242e+03
 Position Rest.      Potential    Kinetic En.   Total Energy  Conserved En.
    4.77107e+02   -5.24981e+05    8.60945e+04   -4.38886e+05   -4.35983e+05
    Temperature Pres. DC (bar) Pressure (bar)   Constr. rmsd
    3.01195e+02   -2.25692e+02    1.06372e+02    2.73833e-06

           Step           Time
          27000       54.00000

   Energies (kJ/mol)
           Bond          Angle    Proper Dih. Ryckaert-Bell.          LJ-14
    1.42288e+03    3.81720e+03    2.61226e+02    1.80688e+03    2.73328e+03
     Coulomb-14        LJ (SR)  Disper. corr.   Coulomb (SR)   Coul. recip.
    7.72432e+03    9.27890e+04   -4.52935e+03   -6.33627e+05    3.06616e+03
 Position Rest.      Potential    Kinetic En.   Total Energy  Conserved En.
    4.84354e+02   -5.24051e+05    8.64847e+04   -4.37567e+05   -4.35938e+05
    Temperature Pres. DC (bar) Pressure (bar)   Constr. rmsd
    3.02560e+02   -2.22525e+02   -1.34715e+02    2.72775e-06

           Step           Time
          27500       55.00000

   Energies (kJ/mol)
           Bond          Angle    Proper Dih. Ryckaert-Bell.          LJ-14
    1.51108e+03    3.69705e+03    2.47232e+02    1.79220e+03    2.66613e+03
     Coulomb-14        LJ (SR)  Disper. corr.   Coulomb (SR)   Coul. recip.
    7.72256e+03    9.34600e+04   -4.54426e+03   -6.33254e+05    2.96769e+03
 Position Rest.      Potential    Kinetic En.   Total Energy  Conserved En.
    5.51871e+02   -5.23182e+05    8.58857e+04   -4.37297e+05   -4.35888e+05
    Temperature Pres. DC (bar) Pressure (bar)   Constr. rmsd
    3.00465e+02   -2.23991e+02   -2.59135e+01    2.73088e-06

           Step           Time
          28000       56.00000

   Energies (kJ/mol)
           Bond          Angle    Proper Dih. Ryckaert-Bell.          LJ-14
    1.38167e+03    3.82539e+03    2.51943e+02    1.85359e+03    2.67062e+03
     Coulomb-14        LJ (SR)  Disper. corr.   Coulomb (SR)   Coul. recip.
    7.77655e+03    9.60128e+04   -4.59223e+03   -6.37102e+05    2.98329e+03
 Position Rest.      Potential    Kinetic En.   Total Energy  Conserved En.
    4.86235e+02   -5.24452e+05    8.67661e+04   -4.37686e+05   -4.35790e+05
    Temperature Pres. DC (bar) Pressure (bar)   Constr. rmsd
    3.03545e+02   -2.28739e+02    5.33312e+02    2.94401e-06

           Step           Time
          28500       57.00000

   Energies (kJ/mol)
           Bond          Angle    Proper Dih. Ryckaert-Bell.          LJ-14
    1.33897e+03    3.72029e+03    2.71474e+02    1.79352e+03    2.67650e+03
     Coulomb-14        LJ (SR)  Disper. corr.   Coulomb (SR)   Coul. recip.
    7.84685e+03    9.33528e+04   -4.54064e+03   -6.34856e+05    2.96757e+03
 Position Rest.      Potential    Kinetic En.   Total Energy  Conserved En.
    5.02384e+02   -5.24926e+05    8.57878e+04   -4.39139e+05   -4.35750e+05
    Temperature Pres. DC (bar) Pressure (bar)   Constr. rmsd
    3.00122e+02   -2.23634e+02   -1.00239e+02    2.92948e-06

           Step           Time
          29000       58.00000

   Energies (kJ/mol)
           Bond          Angle    Proper Dih. Ryckaert-Bell.          LJ-14
    1.39065e+03    3.76820e+03    2.44136e+02    1.78102e+03    2.68947e+03
     Coulomb-14        LJ (SR)  Disper. corr.   Coulomb (SR)   Coul. recip.
    7.76690e+03    9.34927e+04   -4.56009e+03   -6.34657e+05    2.89879e+03
 Position Rest.      Potential    Kinetic En.   Total Energy  Conserved En.
    4.82976e+02   -5.24702e+05    8.54122e+04   -4.39290e+05   -4.35729e+05
    Temperature Pres. DC (bar) Pressure (bar)   Constr. rmsd
    2.98808e+02   -2.25552e+02    1.42976e+01    3.15070e-06

           Step           Time
          29500       59.00000

   Energies (kJ/mol)
           Bond          Angle    Proper Dih. Ryckaert-Bell.          LJ-14
    1.46505e+03    3.85582e+03    2.49054e+02    1.88244e+03    2.68063e+03
     Coulomb-14        LJ (SR)  Disper. corr.   Coulomb (SR)   Coul. recip.
    7.81342e+03    9.38343e+04   -4.57789e+03   -6.34637e+05    2.95706e+03
 Position Rest.      Potential    Kinetic En.   Total Energy  Conserved En.
    4.81590e+02   -5.23995e+05    8.54634e+04   -4.38532e+05   -4.35702e+05
    Temperature Pres. DC (bar) Pressure (bar)   Constr. rmsd
    2.98987e+02   -2.27314e+02    1.10413e+02    2.88542e-06

           Step           Time
          30000       60.00000

   Energies (kJ/mol)
           Bond          Angle    Proper Dih. Ryckaert-Bell.          LJ-14
    1.43658e+03    3.81781e+03    2.53378e+02    1.82559e+03    2.58916e+03
     Coulomb-14        LJ (SR)  Disper. corr.   Coulomb (SR)   Coul. recip.
    7.75843e+03    9.39995e+04   -4.54284e+03   -6.34240e+05    2.93288e+03
 Position Rest.      Potential    Kinetic En.   Total Energy  Conserved En.
    5.28296e+02   -5.23642e+05    8.61504e+04   -4.37491e+05   -4.35672e+05
    Temperature Pres. DC (bar) Pressure (bar)   Constr. rmsd
    3.01391e+02   -2.23851e+02   -2.05650e+01    2.83560e-06

           Step           Time
          30500       61.00000

   Energies (kJ/mol)
           Bond          Angle    Proper Dih. Ryckaert-Bell.          LJ-14
    1.51691e+03    3.77308e+03    1.97902e+02    1.80582e+03    2.66944e+03
     Coulomb-14        LJ (SR)  Disper. corr.   Coulomb (SR)   Coul. recip.
    7.74772e+03    9.34155e+04   -4.53451e+03   -6.34200e+05    2.87158e+03
 Position Rest.      Potential    Kinetic En.   Total Energy  Conserved En.
    4.93064e+02   -5.24244e+05    8.64268e+04   -4.37817e+05   -4.35641e+05
    Temperature Pres. DC (bar) Pressure (bar)   Constr. rmsd
    3.02358e+02   -2.23032e+02   -9.57268e+01    3.11433e-06

           Step           Time
          31000       62.00000

   Energies (kJ/mol)
           Bond          Angle    Proper Dih. Ryckaert-Bell.          LJ-14
    1.49349e+03    3.74902e+03    2.75642e+02    1.88365e+03    2.70932e+03
     Coulomb-14        LJ (SR)  Disper. corr.   Coulomb (SR)   Coul. recip.
    7.95778e+03    9.38587e+04   -4.58397e+03   -6.33738e+05    2.84844e+03
 Position Rest.      Potential    Kinetic En.   Total Energy  Conserved En.
    4.59924e+02   -5.23086e+05    8.53513e+04   -4.37734e+05   -4.35577e+05
    Temperature Pres. DC (bar) Pressure (bar)   Constr. rmsd
    2.98595e+02   -2.27918e+02    2.88371e+02    2.61570e-06

           Step           Time
          31500       63.00000

   Energies (kJ/mol)
           Bond          Angle    Proper Dih. Ryckaert-Bell.          LJ-14
    1.38034e+03    3.72648e+03    3.03983e+02    1.79475e+03    2.71876e+03
     Coulomb-14        LJ (SR)  Disper. corr.   Coulomb (SR)   Coul. recip.
    7.76270e+03    9.33879e+04   -4.55986e+03   -6.34384e+05    2.99220e+03
 Position Rest.      Potential    Kinetic En.   Total Energy  Conserved En.
    4.69479e+02   -5.24407e+05    8.65069e+04   -4.37900e+05   -4.35544e+05
    Temperature Pres. DC (bar) Pressure (bar)   Constr. rmsd
    3.02638e+02   -2.25530e+02   -6.48031e+01    3.07457e-06

           Step           Time
          32000       64.00000

   Energies (kJ/mol)
           Bond          Angle    Proper Dih. Ryckaert-Bell.          LJ-14
    1.44123e+03    3.63321e+03    2.58466e+02    1.81211e+03    2.57672e+03
     Coulomb-14        LJ (SR)  Disper. corr.   Coulomb (SR)   Coul. recip.
    7.68849e+03    9.31971e+04   -4.57010e+03   -6.34728e+05    2.93505e+03
 Position Rest.      Potential    Kinetic En.   Total Energy  Conserved En.
    5.35281e+02   -5.25220e+05    8.59294e+04   -4.39291e+05   -4.35529e+05
    Temperature Pres. DC (bar) Pressure (bar)   Constr. rmsd
    3.00618e+02   -2.26542e+02   -1.04220e+02    2.64571e-06

           Step           Time
          32500       65.00000

   Energies (kJ/mol)
           Bond          Angle    Proper Dih. Ryckaert-Bell.          LJ-14
    1.39973e+03    3.85068e+03    2.76708e+02    1.87607e+03    2.67785e+03
     Coulomb-14        LJ (SR)  Disper. corr.   Coulomb (SR)   Coul. recip.
    7.73632e+03    9.24877e+04   -4.54698e+03   -6.32310e+05    2.98378e+03
 Position Rest.      Potential    Kinetic En.   Total Energy  Conserved En.
    4.63879e+02   -5.23104e+05    8.51805e+04   -4.37924e+05   -4.35487e+05
    Temperature Pres. DC (bar) Pressure (bar)   Constr. rmsd
    2.97998e+02   -2.24258e+02   -1.79402e+02    2.68429e-06

           Step           Time
          33000       66.00000

   Energies (kJ/mol)
           Bond          Angle    Proper Dih. Ryckaert-Bell.          LJ-14
    1.49371e+03    3.71689e+03    2.34817e+02    1.93779e+03    2.72200e+03
     Coulomb-14        LJ (SR)  Disper. corr.   Coulomb (SR)   Coul. recip.
    7.72984e+03    9.42158e+04   -4.55080e+03   -6.35384e+05    2.93860e+03
 Position Rest.      Potential    Kinetic En.   Total Energy  Conserved En.
    4.73371e+02   -5.24472e+05    8.53821e+04   -4.39090e+05   -4.35482e+05
    Temperature Pres. DC (bar) Pressure (bar)   Constr. rmsd
    2.98703e+02   -2.24635e+02    1.14192e+02    2.82388e-06

           Step           Time
          33500       67.00000

   Energies (kJ/mol)
           Bond          Angle    Proper Dih. Ryckaert-Bell.          LJ-14
    1.36446e+03    3.93055e+03    2.57975e+02    1.78743e+03    2.71184e+03
     Coulomb-14        LJ (SR)  Disper. corr.   Coulomb (SR)   Coul. recip.
    7.82630e+03    9.37907e+04   -4.55215e+03   -6.34206e+05    2.84742e+03
 Position Rest.      Potential    Kinetic En.   Total Energy  Conserved En.
    5.41312e+02   -5.23701e+05    8.50225e+04   -4.38678e+05   -4.35455e+05
    Temperature Pres. DC (bar) Pressure (bar)   Constr. rmsd
    2.97445e+02   -2.24768e+02    1.73652e+02    2.64420e-06

           Step           Time
          34000       68.00000

   Energies (kJ/mol)
           Bond          Angle    Proper Dih. Ryckaert-Bell.          LJ-14
    1.49625e+03    3.65697e+03    2.22195e+02    1.77447e+03    2.62977e+03
     Coulomb-14        LJ (SR)  Disper. corr.   Coulomb (SR)   Coul. recip.
    7.61123e+03    9.29435e+04   -4.56710e+03   -6.34619e+05    2.92778e+03
 Position Rest.      Potential    Kinetic En.   Total Energy  Conserved En.
    4.33599e+02   -5.25490e+05    8.53545e+04   -4.40136e+05   -4.35454e+05
    Temperature Pres. DC (bar) Pressure (bar)   Constr. rmsd
    2.98606e+02   -2.26245e+02   -1.90336e+02    2.69711e-06

           Step           Time
          34500       69.00000

   Energies (kJ/mol)
           Bond          Angle    Proper Dih. Ryckaert-Bell.          LJ-14
    1.41919e+03    3.66233e+03    2.28775e+02    1.77117e+03    2.70232e+03
     Coulomb-14        LJ (SR)  Disper. corr.   Coulomb (SR)   Coul. recip.
    7.78920e+03    9.48641e+04   -4.59070e+03   -6.36528e+05    2.98058e+03
 Position Rest.      Potential    Kinetic En.   Total Energy  Conserved En.
    5.14261e+02   -5.25186e+05    8.54036e+04   -4.39783e+05   -4.35443e+05
    Temperature Pres. DC (bar) Pressure (bar)   Constr. rmsd
    2.98778e+02   -2.28587e+02    2.29947e+02    2.76144e-06

           Step           Time
          35000       70.00000

   Energies (kJ/mol)
           Bond          Angle    Proper Dih. Ryckaert-Bell.          LJ-14
    1.44240e+03    3.69181e+03    2.19513e+02    1.73374e+03    2.70202e+03
     Coulomb-14        LJ (SR)  Disper. corr.   Coulomb (SR)   Coul. recip.
    7.71867e+03    9.22735e+04   -4.54791e+03   -6.32549e+05    2.96242e+03
 Position Rest.      Potential    Kinetic En.   Total Energy  Conserved En.
    4.69640e+02   -5.23883e+05    8.59637e+04   -4.37920e+05   -4.35428e+05
    Temperature Pres. DC (bar) Pressure (bar)   Constr. rmsd
    3.00737e+02   -2.24350e+02   -2.77601e+02    3.01268e-06

           Step           Time
          35500       71.00000

   Energies (kJ/mol)
           Bond          Angle    Proper Dih. Ryckaert-Bell.          LJ-14
    1.48110e+03    3.57593e+03    2.22549e+02    1.85710e+03    2.63218e+03
     Coulomb-14        LJ (SR)  Disper. corr.   Coulomb (SR)   Coul. recip.
    7.73610e+03    9.40559e+04   -4.57648e+03   -6.34715e+05    2.98584e+03
 Position Rest.      Potential    Kinetic En.   Total Energy  Conserved En.
    5.13967e+02   -5.24230e+05    8.55858e+04   -4.38645e+05   -4.35370e+05
    Temperature Pres. DC (bar) Pressure (bar)   Constr. rmsd
    2.99415e+02   -2.27174e+02    4.54687e+01    3.25074e-06

           Step           Time
          36000       72.00000

   Energies (kJ/mol)
           Bond          Angle    Proper Dih. Ryckaert-Bell.          LJ-14
    1.52823e+03    3.54106e+03    2.57529e+02    1.87036e+03    2.67709e+03
     Coulomb-14        LJ (SR)  Disper. corr.   Coulomb (SR)   Coul. recip.
    7.76926e+03    9.49016e+04   -4.56911e+03   -6.35770e+05    2.91109e+03
 Position Rest.      Potential    Kinetic En.   Total Energy  Conserved En.
    5.44289e+02   -5.24338e+05    8.64071e+04   -4.37931e+05   -4.35247e+05
    Temperature Pres. DC (bar) Pressure (bar)   Constr. rmsd
    3.02289e+02   -2.26444e+02    2.70000e+02    2.92743e-06

           Step           Time
          36500       73.00000

   Energies (kJ/mol)
           Bond          Angle    Proper Dih. Ryckaert-Bell.          LJ-14
    1.40555e+03    3.63241e+03    2.40512e+02    1.88425e+03    2.70562e+03
     Coulomb-14        LJ (SR)  Disper. corr.   Coulomb (SR)   Coul. recip.
    7.76559e+03    9.36070e+04   -4.55118e+03   -6.35458e+05    2.93835e+03
 Position Rest.      Potential    Kinetic En.   Total Energy  Conserved En.
    4.89907e+02   -5.25340e+05    8.65762e+04   -4.38764e+05   -4.35222e+05
    Temperature Pres. DC (bar) Pressure (bar)   Constr. rmsd
    3.02880e+02   -2.24672e+02    2.87888e+01    2.63783e-06

           Step           Time
          37000       74.00000

   Energies (kJ/mol)
           Bond          Angle    Proper Dih. Ryckaert-Bell.          LJ-14
    1.33663e+03    3.87922e+03    2.44683e+02    1.93650e+03    2.66087e+03
     Coulomb-14        LJ (SR)  Disper. corr.   Coulomb (SR)   Coul. recip.
    7.83837e+03    9.34463e+04   -4.55196e+03   -6.34536e+05    2.94835e+03
 Position Rest.      Potential    Kinetic En.   Total Energy  Conserved En.
    5.26325e+02   -5.24271e+05    8.56297e+04   -4.38641e+05   -4.35214e+05
    Temperature Pres. DC (bar) Pressure (bar)   Constr. rmsd
    2.99569e+02   -2.24749e+02   -7.81832e+01    3.04439e-06

           Step           Time
          37500       75.00000

   Energies (kJ/mol)
           Bond          Angle    Proper Dih. Ryckaert-Bell.          LJ-14
    1.51133e+03    3.65261e+03    2.80096e+02    1.91456e+03    2.69341e+03
     Coulomb-14        LJ (SR)  Disper. corr.   Coulomb (SR)   Coul. recip.
    7.74374e+03    9.31248e+04   -4.53783e+03   -6.33312e+05    3.03121e+03
 Position Rest.      Potential    Kinetic En.   Total Energy  Conserved En.
    4.90334e+02   -5.23408e+05    8.51486e+04   -4.38260e+05   -4.35171e+05
    Temperature Pres. DC (bar) Pressure (bar)   Constr. rmsd
    2.97886e+02   -2.23358e+02   -1.82920e+02    3.08047e-06

           Step           Time
          38000       76.00000

   Energies (kJ/mol)
           Bond          Angle    Proper Dih. Ryckaert-Bell.          LJ-14
    1.47209e+03    3.68076e+03    2.33134e+02    1.88633e+03    2.72719e+03
     Coulomb-14        LJ (SR)  Disper. corr.   Coulomb (SR)   Coul. recip.
    7.74554e+03    9.49693e+04   -4.59656e+03   -6.36128e+05    2.99561e+03
 Position Rest.      Potential    Kinetic En.   Total Energy  Conserved En.
    5.00284e+02   -5.24514e+05    8.54180e+04   -4.39096e+05   -4.35164e+05
    Temperature Pres. DC (bar) Pressure (bar)   Constr. rmsd
    2.98829e+02   -2.29170e+02    3.45600e+02    3.03827e-06

           Step           Time
          38500       77.00000

   Energies (kJ/mol)
           Bond          Angle    Proper Dih. Ryckaert-Bell.          LJ-14
    1.52684e+03    3.75440e+03    2.35152e+02    1.76990e+03    2.68740e+03
     Coulomb-14        LJ (SR)  Disper. corr.   Coulomb (SR)   Coul. recip.
    7.66091e+03    9.33589e+04   -4.55468e+03   -6.33944e+05    3.00779e+03
 Position Rest.      Potential    Kinetic En.   Total Energy  Conserved En.
    5.07544e+02   -5.23990e+05    8.59153e+04   -4.38074e+05   -4.35157e+05
    Temperature Pres. DC (bar) Pressure (bar)   Constr. rmsd
    3.00568e+02   -2.25018e+02   -1.03605e+02    2.57059e-06

           Step           Time
          39000       78.00000

   Energies (kJ/mol)
           Bond          Angle    Proper Dih. Ryckaert-Bell.          LJ-14
    1.38203e+03    3.71422e+03    2.72178e+02    1.86679e+03    2.66953e+03
     Coulomb-14        LJ (SR)  Disper. corr.   Coulomb (SR)   Coul. recip.
    7.74538e+03    9.30283e+04   -4.58855e+03   -6.34657e+05    2.83070e+03
 Position Rest.      Potential    Kinetic En.   Total Energy  Conserved En.
    5.43575e+02   -5.25193e+05    8.60835e+04   -4.39109e+05   -4.35157e+05
    Temperature Pres. DC (bar) Pressure (bar)   Constr. rmsd
    3.01157e+02   -2.28373e+02    1.05371e+01    2.96820e-06

           Step           Time
          39500       79.00000

   Energies (kJ/mol)
           Bond          Angle    Proper Dih. Ryckaert-Bell.          LJ-14
    1.50483e+03    3.70000e+03    2.35329e+02    1.81248e+03    2.70031e+03
     Coulomb-14        LJ (SR)  Disper. corr.   Coulomb (SR)   Coul. recip.
    7.77163e+03    9.49768e+04   -4.57513e+03   -6.36918e+05    2.91523e+03
 Position Rest.      Potential    Kinetic En.   Total Energy  Conserved En.
    4.83555e+02   -5.25393e+05    8.67540e+04   -4.38639e+05   -4.35140e+05
    Temperature Pres. DC (bar) Pressure (bar)   Constr. rmsd
    3.03502e+02   -2.27040e+02    1.88452e+02    2.83118e-06

           Step           Time
          40000       80.00000

   Energies (kJ/mol)
           Bond          Angle    Proper Dih. Ryckaert-Bell.          LJ-14
    1.42398e+03    3.82026e+03    2.62906e+02    1.77485e+03    2.64656e+03
     Coulomb-14        LJ (SR)  Disper. corr.   Coulomb (SR)   Coul. recip.
    7.75309e+03    9.54476e+04   -4.58198e+03   -6.36942e+05    2.93925e+03
 Position Rest.      Potential    Kinetic En.   Total Energy  Conserved En.
    4.72146e+02   -5.24983e+05    8.57847e+04   -4.39199e+05   -4.35072e+05
    Temperature Pres. DC (bar) Pressure (bar)   Constr. rmsd
    3.00111e+02   -2.27720e+02    3.09822e+02    3.19359e-06

           Step           Time
          40500       81.00000

   Energies (kJ/mol)
           Bond          Angle    Proper Dih. Ryckaert-Bell.          LJ-14
    1.47240e+03    3.67641e+03    2.43765e+02    1.86588e+03    2.64397e+03
     Coulomb-14        LJ (SR)  Disper. corr.   Coulomb (SR)   Coul. recip.
    7.76680e+03    9.53374e+04   -4.59472e+03   -6.36660e+05    2.94189e+03
 Position Rest.      Potential    Kinetic En.   Total Energy  Conserved En.
    4.83436e+02   -5.24823e+05    8.56967e+04   -4.39126e+05   -4.35040e+05
    Temperature Pres. DC (bar) Pressure (bar)   Constr. rmsd
    2.99803e+02   -2.28987e+02    3.22730e+02    3.07047e-06

           Step           Time
          41000       82.00000

   Energies (kJ/mol)
           Bond          Angle    Proper Dih. Ryckaert-Bell.          LJ-14
    1.40389e+03    3.60465e+03    2.33347e+02    1.83188e+03    2.69599e+03
     Coulomb-14        LJ (SR)  Disper. corr.   Coulomb (SR)   Coul. recip.
    7.71981e+03    9.28166e+04   -4.54254e+03   -6.33728e+05    3.01888e+03
 Position Rest.      Potential    Kinetic En.   Total Energy  Conserved En.
    5.22521e+02   -5.24423e+05    8.58917e+04   -4.38531e+05   -4.35018e+05
    Temperature Pres. DC (bar) Pressure (bar)   Constr. rmsd
    3.00486e+02   -2.23821e+02   -1.93810e+02    3.06310e-06

           Step           Time
          41500       83.00000

   Energies (kJ/mol)
           Bond          Angle    Proper Dih. Ryckaert-Bell.          LJ-14
    1.43234e+03    3.66824e+03    2.18550e+02    1.69991e+03    2.72813e+03
     Coulomb-14        LJ (SR)  Disper. corr.   Coulomb (SR)   Coul. recip.
    7.81714e+03    9.30612e+04   -4.54300e+03   -6.34270e+05    2.95563e+03
 Position Rest.      Potential    Kinetic En.   Total Energy  Conserved En.
    4.25678e+02   -5.24806e+05    8.54562e+04   -4.39350e+05   -4.35007e+05
    Temperature Pres. DC (bar) Pressure (bar)   Constr. rmsd
    2.98962e+02   -2.23866e+02   -5.52645e+00    3.17294e-06

           Step           Time
          42000       84.00000

   Energies (kJ/mol)
           Bond          Angle    Proper Dih. Ryckaert-Bell.          LJ-14
    1.41723e+03    3.73027e+03    2.50316e+02    1.90650e+03    2.66453e+03
     Coulomb-14        LJ (SR)  Disper. corr.   Coulomb (SR)   Coul. recip.
    7.77470e+03    9.49150e+04   -4.60683e+03   -6.36560e+05    2.86828e+03
 Position Rest.      Potential    Kinetic En.   Total Energy  Conserved En.
    4.44221e+02   -5.25195e+05    8.64254e+04   -4.38770e+05   -4.34948e+05
    Temperature Pres. DC (bar) Pressure (bar)   Constr. rmsd
    3.02353e+02   -2.30193e+02    3.74740e+02    3.17487e-06

           Step           Time
          42500       85.00000

   Energies (kJ/mol)
           Bond          Angle    Proper Dih. Ryckaert-Bell.          LJ-14
    1.46943e+03    3.81129e+03    2.50585e+02    1.84151e+03    2.63503e+03
     Coulomb-14        LJ (SR)  Disper. corr.   Coulomb (SR)   Coul. recip.
    7.73343e+03    9.33265e+04   -4.56719e+03   -6.33487e+05    2.99450e+03
 Position Rest.      Potential    Kinetic En.   Total Energy  Conserved En.
    4.72205e+02   -5.23520e+05    8.61397e+04   -4.37380e+05   -4.34949e+05
    Temperature Pres. DC (bar) Pressure (bar)   Constr. rmsd
    3.01353e+02   -2.26254e+02   -2.59888e+00    3.11835e-06

           Step           Time
          43000       86.00000

   Energies (kJ/mol)
           Bond          Angle    Proper Dih. Ryckaert-Bell.          LJ-14
    1.52077e+03    3.71057e+03    2.62497e+02    1.84225e+03    2.69135e+03
     Coulomb-14        LJ (SR)  Disper. corr.   Coulomb (SR)   Coul. recip.
    7.76282e+03    9.32007e+04   -4.55379e+03   -6.33786e+05    2.93710e+03
 Position Rest.      Potential    Kinetic En.   Total Energy  Conserved En.
    5.02366e+02   -5.23909e+05    8.53081e+04   -4.38601e+05   -4.34928e+05
    Temperature Pres. DC (bar) Pressure (bar)   Constr. rmsd
    2.98444e+02   -2.24930e+02    4.26431e+01    2.89125e-06

           Step           Time
          43500       87.00000

   Energies (kJ/mol)
           Bond          Angle    Proper Dih. Ryckaert-Bell.          LJ-14
    1.45862e+03    3.72331e+03    2.55823e+02    1.83085e+03    2.68497e+03
     Coulomb-14        LJ (SR)  Disper. corr.   Coulomb (SR)   Coul. recip.
    7.77602e+03    9.42987e+04   -4.57057e+03   -6.34793e+05    2.92551e+03
 Position Rest.      Potential    Kinetic En.   Total Energy  Conserved En.
    4.62061e+02   -5.23948e+05    8.64096e+04   -4.37539e+05   -4.34939e+05
    Temperature Pres. DC (bar) Pressure (bar)   Constr. rmsd
    3.02298e+02   -2.26588e+02    2.05847e+02    3.00272e-06

           Step           Time
          44000       88.00000

   Energies (kJ/mol)
           Bond          Angle    Proper Dih. Ryckaert-Bell.          LJ-14
    1.55051e+03    3.77798e+03    2.35562e+02    1.83484e+03    2.70167e+03
     Coulomb-14        LJ (SR)  Disper. corr.   Coulomb (SR)   Coul. recip.
    7.73125e+03    9.41486e+04   -4.55908e+03   -6.34029e+05    3.04177e+03
 Position Rest.      Potential    Kinetic En.   Total Energy  Conserved En.
    4.91238e+02   -5.23075e+05    8.63193e+04   -4.36756e+05   -4.34912e+05
    Temperature Pres. DC (bar) Pressure (bar)   Constr. rmsd
    3.01982e+02   -2.25452e+02    2.44920e+02    2.78799e-06

           Step           Time
          44500       89.00000

   Energies (kJ/mol)
           Bond          Angle    Proper Dih. Ryckaert-Bell.          LJ-14
    1.49196e+03    3.76902e+03    2.52277e+02    1.83140e+03    2.61565e+03
     Coulomb-14        LJ (SR)  Disper. corr.   Coulomb (SR)   Coul. recip.
    7.71159e+03    9.24744e+04   -4.53026e+03   -6.32314e+05    2.92568e+03
 Position Rest.      Potential    Kinetic En.   Total Energy  Conserved En.
    5.09151e+02   -5.23263e+05    8.58260e+04   -4.37437e+05   -4.34900e+05
    Temperature Pres. DC (bar) Pressure (bar)   Constr. rmsd
    3.00256e+02   -2.22614e+02   -2.41438e+02    3.23711e-06

           Step           Time
          45000       90.00000

   Energies (kJ/mol)
           Bond          Angle    Proper Dih. Ryckaert-Bell.          LJ-14
    1.46939e+03    3.89084e+03    2.38294e+02    1.91269e+03    2.77446e+03
     Coulomb-14        LJ (SR)  Disper. corr.   Coulomb (SR)   Coul. recip.
    7.79389e+03    9.36819e+04   -4.55568e+03   -6.33378e+05    2.97835e+03
 Position Rest.      Potential    Kinetic En.   Total Energy  Conserved En.
    5.01343e+02   -5.22692e+05    8.51313e+04   -4.37561e+05   -4.34820e+05
    Temperature Pres. DC (bar) Pressure (bar)   Constr. rmsd
    2.97825e+02   -2.25116e+02    1.59018e+02    3.10879e-06

           Step           Time
          45500       91.00000

   Energies (kJ/mol)
           Bond          Angle    Proper Dih. Ryckaert-Bell.          LJ-14
    1.49049e+03    3.52721e+03    2.48957e+02    1.88258e+03    2.64855e+03
     Coulomb-14        LJ (SR)  Disper. corr.   Coulomb (SR)   Coul. recip.
    7.76335e+03    9.52297e+04   -4.56998e+03   -6.36480e+05    2.90893e+03
 Position Rest.      Potential    Kinetic En.   Total Energy  Conserved En.
    5.19755e+02   -5.24830e+05    8.53227e+04   -4.39507e+05   -4.34750e+05
    Temperature Pres. DC (bar) Pressure (bar)   Constr. rmsd
    2.98495e+02   -2.26530e+02    1.40276e+02    2.67565e-06

           Step           Time
          46000       92.00000

   Energies (kJ/mol)
           Bond          Angle    Proper Dih. Ryckaert-Bell.          LJ-14
    1.49235e+03    3.79953e+03    2.27596e+02    1.90468e+03    2.59378e+03
     Coulomb-14        LJ (SR)  Disper. corr.   Coulomb (SR)   Coul. recip.
    7.75973e+03    9.27613e+04   -4.53475e+03   -6.33534e+05    3.00354e+03
 Position Rest.      Potential    Kinetic En.   Total Energy  Conserved En.
    4.74352e+02   -5.24052e+05    8.56489e+04   -4.38403e+05   -4.34689e+05
    Temperature Pres. DC (bar) Pressure (bar)   Constr. rmsd
    2.99636e+02   -2.23055e+02   -1.96006e+02    2.88304e-06

           Step           Time
          46500       93.00000

   Energies (kJ/mol)
           Bond          Angle    Proper Dih. Ryckaert-Bell.          LJ-14
    1.40095e+03    3.77482e+03    2.17595e+02    1.78382e+03    2.65144e+03
     Coulomb-14        LJ (SR)  Disper. corr.   Coulomb (SR)   Coul. recip.
    7.69673e+03    9.36026e+04   -4.54621e+03   -6.35431e+05    2.86981e+03
 Position Rest.      Potential    Kinetic En.   Total Energy  Conserved En.
    4.86788e+02   -5.25493e+05    8.53165e+04   -4.40177e+05   -4.34684e+05
    Temperature Pres. DC (bar) Pressure (bar)   Constr. rmsd
    2.98473e+02   -2.24183e+02   -1.98225e+02    2.77775e-06

           Step           Time
          47000       94.00000

   Energies (kJ/mol)
           Bond          Angle    Proper Dih. Ryckaert-Bell.          LJ-14
    1.40048e+03    3.79469e+03    2.37246e+02    1.79220e+03    2.72827e+03
     Coulomb-14        LJ (SR)  Disper. corr.   Coulomb (SR)   Coul. recip.
    7.80262e+03    9.40144e+04   -4.59275e+03   -6.34682e+05    2.92167e+03
 Position Rest.      Potential    Kinetic En.   Total Energy  Conserved En.
    4.77476e+02   -5.24106e+05    8.58959e+04   -4.38210e+05   -4.34646e+05
    Temperature Pres. DC (bar) Pressure (bar)   Constr. rmsd
    3.00500e+02   -2.28791e+02    3.12593e+02    3.20417e-06

           Step           Time
          47500       95.00000

   Energies (kJ/mol)
           Bond          Angle    Proper Dih. Ryckaert-Bell.          LJ-14
    1.42289e+03    3.59319e+03    2.44197e+02    1.89697e+03    2.70515e+03
     Coulomb-14        LJ (SR)  Disper. corr.   Coulomb (SR)   Coul. recip.
    7.80794e+03    9.30555e+04   -4.54361e+03   -6.33454e+05    3.01668e+03
 Position Rest.      Potential    Kinetic En.   Total Energy  Conserved En.
    4.75351e+02   -5.23780e+05    8.52057e+04   -4.38574e+05   -4.34626e+05
    Temperature Pres. DC (bar) Pressure (bar)   Constr. rmsd
    2.98086e+02   -2.23927e+02   -1.45469e+02    2.90347e-06

           Step           Time
          48000       96.00000

   Energies (kJ/mol)
           Bond          Angle    Proper Dih. Ryckaert-Bell.          LJ-14
    1.42078e+03    3.79698e+03    2.36861e+02    1.86306e+03    2.62372e+03
     Coulomb-14        LJ (SR)  Disper. corr.   Coulomb (SR)   Coul. recip.
    7.67965e+03    9.19708e+04   -4.55134e+03   -6.32306e+05    2.96288e+03
 Position Rest.      Potential    Kinetic En.   Total Energy  Conserved En.
    5.19323e+02   -5.23783e+05    8.56984e+04   -4.38084e+05   -4.34614e+05
    Temperature Pres. DC (bar) Pressure (bar)   Constr. rmsd
    2.99809e+02   -2.24688e+02   -3.28361e+02    2.70671e-06

           Step           Time
          48500       97.00000

   Energies (kJ/mol)
           Bond          Angle    Proper Dih. Ryckaert-Bell.          LJ-14
    1.39310e+03    3.69515e+03    2.37170e+02    1.88242e+03    2.69306e+03
     Coulomb-14        LJ (SR)  Disper. corr.   Coulomb (SR)   Coul. recip.
    7.82475e+03    9.27910e+04   -4.58022e+03   -6.34513e+05    2.95333e+03
 Position Rest.      Potential    Kinetic En.   Total Energy  Conserved En.
    4.66834e+02   -5.25156e+05    8.52394e+04   -4.39917e+05   -4.34604e+05
    Temperature Pres. DC (bar) Pressure (bar)   Constr. rmsd
    2.98203e+02   -2.27545e+02   -4.37257e+01    3.04194e-06

           Step           Time
          49000       98.00000

   Energies (kJ/mol)
           Bond          Angle    Proper Dih. Ryckaert-Bell.          LJ-14
    1.35053e+03    3.69205e+03    2.44190e+02    1.76244e+03    2.75084e+03
     Coulomb-14        LJ (SR)  Disper. corr.   Coulomb (SR)   Coul. recip.
    7.79665e+03    9.48854e+04   -4.56564e+03   -6.36715e+05    2.90162e+03
 Position Rest.      Potential    Kinetic En.   Total Energy  Conserved En.
    4.88582e+02   -5.25409e+05    8.69720e+04   -4.38437e+05   -4.34617e+05
    Temperature Pres. DC (bar) Pressure (bar)   Constr. rmsd
    3.04265e+02   -2.26101e+02    1.53819e+02    3.04281e-06

           Step           Time
          49500       99.00000

   Energies (kJ/mol)
           Bond          Angle    Proper Dih. Ryckaert-Bell.          LJ-14
    1.34373e+03    3.66750e+03    2.51843e+02    1.80377e+03    2.66495e+03
     Coulomb-14        LJ (SR)  Disper. corr.   Coulomb (SR)   Coul. recip.
    7.78034e+03    9.50817e+04   -4.55394e+03   -6.36038e+05    2.92420e+03
 Position Rest.      Potential    Kinetic En.   Total Energy  Conserved En.
    4.69202e+02   -5.24605e+05    8.67615e+04   -4.37843e+05   -4.34587e+05
    Temperature Pres. DC (bar) Pressure (bar)   Constr. rmsd
    3.03529e+02   -2.24944e+02    2.66384e+02    3.05816e-06

           Step           Time
          50000      100.00000

Writing checkpoint, step 50000 at Mon Nov 20 00:17:16 2023


   Energies (kJ/mol)
           Bond          Angle    Proper Dih. Ryckaert-Bell.          LJ-14
    1.49584e+03    3.90094e+03    2.35764e+02    1.89833e+03    2.66968e+03
     Coulomb-14        LJ (SR)  Disper. corr.   Coulomb (SR)   Coul. recip.
    7.68207e+03    9.46579e+04   -4.58034e+03   -6.34172e+05    2.97866e+03
 Position Rest.      Potential    Kinetic En.   Total Energy  Conserved En.
    4.66628e+02   -5.22766e+05    8.64676e+04   -4.36299e+05   -4.34516e+05
    Temperature Pres. DC (bar) Pressure (bar)   Constr. rmsd
    3.02500e+02   -2.27557e+02    4.75228e+02    3.41785e-06


Energy conservation over simulation part #1 of length 100 ps, time 0 to 100 ps
  Conserved energy drift: 1.18e-03 kJ/mol/ps per atom


	<======  ###############  ==>
	<====  A V E R A G E S  ====>
	<==  ###############  ======>

	Statistics over 50001 steps using 501 frames

   Energies (kJ/mol)
           Bond          Angle    Proper Dih. Ryckaert-Bell.          LJ-14
    1.44261e+03    3.72491e+03    2.46606e+02    1.84142e+03    2.67487e+03
     Coulomb-14        LJ (SR)  Disper. corr.   Coulomb (SR)   Coul. recip.
    7.74049e+03    9.35761e+04   -4.55873e+03   -6.34481e+05    2.93840e+03
 Position Rest.      Potential    Kinetic En.   Total Energy  Conserved En.
    4.79791e+02   -5.24375e+05    8.57611e+04   -4.38614e+05   -4.36307e+05
    Temperature Pres. DC (bar) Pressure (bar)   Constr. rmsd
    3.00029e+02   -2.25423e+02    2.13977e+00    0.00000e+00

          Box-X          Box-Y          Box-Z
    6.95358e+00    6.95358e+00    6.95358e+00

   Total Virial (kJ/mol)
    2.86866e+04    6.53249e+01   -5.72884e+01
    6.51550e+01    2.84832e+04   -1.36082e+01
   -5.74974e+01   -1.35147e+01    2.85461e+04

   Pressure (bar)
   -8.00719e+00   -6.02990e+00    6.74505e+00
   -6.01314e+00    9.13056e+00    2.67291e-01
    6.76571e+00    2.58074e-01    5.29594e+00

      T-Protein  T-non-Protein
    3.00112e+02    3.00022e+02


	M E G A - F L O P S   A C C O U N T I N G

 NB=Group-cutoff nonbonded kernels    NxN=N-by-N cluster Verlet kernels
 RF=Reaction-Field  VdW=Van der Waals  QSTab=quadratic-spline table
 W3=SPC/TIP3p  W4=TIP4p (single or pairs)
 V&F=Potential and force  V=Potential only  F=Force only

 Computing:                               M-Number         M-Flops  % Flops
-----------------------------------------------------------------------------
 Pair Search distance check           14955.403658      134598.633     0.2
 NxN Ewald Elec. + LJ [F]            523197.838912    34531057.368    51.9
 NxN Ewald Elec. + LJ [V&F]            5295.354720      566602.955     0.9
 NxN Ewald Elec. [F]                 466468.306432    28454566.692    42.7
 NxN Ewald Elec. [V&F]                 4721.484704      396604.715     0.6
 1,4 nonbonded interactions             255.305106       22977.460     0.0
 Calc Weights                          5081.501628      182934.059     0.3
 Spread Q Bspline                    108405.368064      216810.736     0.3
 Gather F Bspline                    108405.368064      650432.208     1.0
 3D-FFT                              139519.590336     1116156.723     1.7
 Solve PME                               96.801936        6195.324     0.0
 Reset In Box                            33.876000         101.628     0.0
 CG-CoM                                  33.909876         101.730     0.0
 Bonds                                   51.251025        3023.810     0.0
 Angles                                 177.353547       29795.396     0.0
 Propers                                 21.300426        4877.798     0.0
 RB-Dihedrals                           197.503950       48783.476     0.1
 Pos. Restr.                             50.051001        2502.550     0.0
 Virial                                  33.954921         611.189     0.0
 Stop-CM                                 16.971876         169.719     0.0
 Calc-Ekin                              338.827752        9148.349     0.0
 Lincs                                   47.950959        2877.058     0.0
 Lincs-Mat                              238.804776         955.219     0.0
 Constraint-V                          1691.333826       15222.004     0.0
 Constraint-Vir                          32.899867         789.597     0.0
 Settle                                 531.810636      196769.935     0.3
-----------------------------------------------------------------------------
 Total                                                66594666.330   100.0
-----------------------------------------------------------------------------


    D O M A I N   D E C O M P O S I T I O N   S T A T I S T I C S

 av. #atoms communicated per step for force:  2 x 0.0


      R E A L   C Y C L E   A N D   T I M E   A C C O U N T I N G

On 1 MPI rank, each using 4 OpenMP threads

 Activity:              Num   Num      Call    Wall time         Giga-Cycles
                        Ranks Threads  Count      (s)         total sum    %
--------------------------------------------------------------------------------
 Domain decomp.            1    4       1000       4.457         53.397   0.7
 Neighbor search           1    4       1001      16.893        202.364   2.6
 Force                     1    4      50001     488.190       5848.094  76.5
 PME mesh                  1    4      50001      99.269       1189.153  15.6
 NB X/F buffer ops.        1    4      99001      12.948        155.103   2.0
 Write traj.               1    4        101       0.964         11.551   0.2
 Update                    1    4      50001       5.838         69.933   0.9
 Constraints               1    4      50001       7.037         84.299   1.1
 Rest                                              2.434         29.156   0.4
--------------------------------------------------------------------------------
 Total                                           638.030       7643.049 100.0
--------------------------------------------------------------------------------
 Breakdown of PME mesh activities
--------------------------------------------------------------------------------
 PME spread                1    4      50001      47.053        563.657   7.4
 PME gather                1    4      50001      25.116        300.874   3.9
 PME 3D-FFT                1    4     100002      24.614        294.856   3.9
 PME solve Elec            1    4      50001       2.041         24.449   0.3
--------------------------------------------------------------------------------

               Core t (s)   Wall t (s)        (%)
       Time:     2552.120      638.030      400.0
                 (ns/day)    (hour/ns)
Performance:       13.542        1.772
Finished mdrun on rank 0 Mon Nov 20 00:17:16 2023

